{"name":"Create the Administrator user from the Company landing page","status":"broken","statusDetails":{"known":false,"muted":false,"flaky":false,"message":"element click intercepted: Element <button class=\"MuiButtonBase-root jss7763 jss7827 jss8441\" tabindex=\"0\" type=\"button\" id=\"createCompanyFinish\" name=\"\" title=\"\" style=\"color: red; border: 2px solid yellow;\">...</button> is not clickable at point (1658, 919). Other element would receive the click: <button class=\"MuiButtonBase-root jss7763 jss7827 jss8588 jss8590\" tabindex=\"0\" type=\"button\" id=\"createCompanyFinish\" name=\"\" title=\"\" style=\"transition: all 0.3s ease 0s;\">...</button>\n  (Session info: chrome=118.0.5993.117)\nBuild info: version: '3.141.59', revision: 'e82be7d358', time: '2018-11-14T08:17:03'\nSystem info: host: 'MacBook-Pro-Maxim.local', ip: 'fe80:0:0:0:1c30:5ef0:7678:6361%en0', os.name: 'Mac OS X', os.arch: 'x86_64', os.version: '10.16', java.version: '1.8.0_221'\nDriver info: org.openqa.selenium.chrome.ChromeDriver\nCapabilities {acceptInsecureCerts: false, browserName: chrome, browserVersion: 118.0.5993.117, chrome: {chromedriverVersion: 118.0.5993.70 (e52f33f30b91..., userDataDir: /var/folders/gm/x6z5bb8x79b...}, fedcm:accounts: true, goog:chromeOptions: {debuggerAddress: localhost:58691}, javascriptEnabled: true, networkConnectionEnabled: false, pageLoadStrategy: normal, platform: MAC, platformName: MAC, proxy: Proxy(), setWindowRect: true, strictFileInteractability: false, timeouts: {implicit: 0, pageLoad: 300000, script: 30000}, unhandledPromptBehavior: dismiss and notify, webauthn:extension:credBlob: true, webauthn:extension:largeBlob: true, webauthn:extension:minPinLength: true, webauthn:extension:prf: true, webauthn:virtualAuthenticators: true}\nSession ID: c35315d1bf5ab63ae44480150ea96e0b","trace":"org.openqa.selenium.ElementClickInterceptedException: element click intercepted: Element <button class=\"MuiButtonBase-root jss7763 jss7827 jss8441\" tabindex=\"0\" type=\"button\" id=\"createCompanyFinish\" name=\"\" title=\"\" style=\"color: red; border: 2px solid yellow;\">...</button> is not clickable at point (1658, 919). Other element would receive the click: <button class=\"MuiButtonBase-root jss7763 jss7827 jss8588 jss8590\" tabindex=\"0\" type=\"button\" id=\"createCompanyFinish\" name=\"\" title=\"\" style=\"transition: all 0.3s ease 0s;\">...</button>\n  (Session info: chrome=118.0.5993.117)\nBuild info: version: '3.141.59', revision: 'e82be7d358', time: '2018-11-14T08:17:03'\nSystem info: host: 'MacBook-Pro-Maxim.local', ip: 'fe80:0:0:0:1c30:5ef0:7678:6361%en0', os.name: 'Mac OS X', os.arch: 'x86_64', os.version: '10.16', java.version: '1.8.0_221'\nDriver info: org.openqa.selenium.chrome.ChromeDriver\nCapabilities {acceptInsecureCerts: false, browserName: chrome, browserVersion: 118.0.5993.117, chrome: {chromedriverVersion: 118.0.5993.70 (e52f33f30b91..., userDataDir: /var/folders/gm/x6z5bb8x79b...}, fedcm:accounts: true, goog:chromeOptions: {debuggerAddress: localhost:58691}, javascriptEnabled: true, networkConnectionEnabled: false, pageLoadStrategy: normal, platform: MAC, platformName: MAC, proxy: Proxy(), setWindowRect: true, strictFileInteractability: false, timeouts: {implicit: 0, pageLoad: 300000, script: 30000}, unhandledPromptBehavior: dismiss and notify, webauthn:extension:credBlob: true, webauthn:extension:largeBlob: true, webauthn:extension:minPinLength: true, webauthn:extension:prf: true, webauthn:virtualAuthenticators: true}\nSession ID: c35315d1bf5ab63ae44480150ea96e0b\n\tat sun.reflect.NativeConstructorAccessorImpl.newInstance0(Native Method)\n\tat sun.reflect.NativeConstructorAccessorImpl.newInstance(NativeConstructorAccessorImpl.java:62)\n\tat sun.reflect.DelegatingConstructorAccessorImpl.newInstance(DelegatingConstructorAccessorImpl.java:45)\n\tat java.lang.reflect.Constructor.newInstance(Constructor.java:423)\n\tat org.openqa.selenium.remote.http.W3CHttpResponseCodec.createException(W3CHttpResponseCodec.java:187)\n\tat org.openqa.selenium.remote.http.W3CHttpResponseCodec.decode(W3CHttpResponseCodec.java:122)\n\tat org.openqa.selenium.remote.http.W3CHttpResponseCodec.decode(W3CHttpResponseCodec.java:49)\n\tat org.openqa.selenium.remote.HttpCommandExecutor.execute(HttpCommandExecutor.java:158)\n\tat org.openqa.selenium.remote.service.DriverCommandExecutor.execute(DriverCommandExecutor.java:83)\n\tat org.openqa.selenium.remote.RemoteWebDriver.execute(RemoteWebDriver.java:552)\n\tat org.openqa.selenium.remote.RemoteWebElement.execute(RemoteWebElement.java:285)\n\tat org.openqa.selenium.remote.RemoteWebElement.click(RemoteWebElement.java:84)\n\tat io.toweriq.Elements.Button.clickButton(Button.java:11)\n\tat io.toweriq.pageObjects.CompaniesPage.clickFinishButtonForRolodex(CompaniesPage.java:594)\n\tat io.toweriq.testsAgent.ContactsTests.createAdministratorFromCompanyLandingPage(ContactsTests.java:122)\n\tat sun.reflect.NativeMethodAccessorImpl.invoke0(Native Method)\n\tat sun.reflect.NativeMethodAccessorImpl.invoke(NativeMethodAccessorImpl.java:62)\n\tat sun.reflect.DelegatingMethodAccessorImpl.invoke(DelegatingMethodAccessorImpl.java:43)\n\tat java.lang.reflect.Method.invoke(Method.java:498)\n\tat org.testng.internal.MethodInvocationHelper.invokeMethod(MethodInvocationHelper.java:133)\n\tat org.testng.internal.TestInvoker.invokeMethod(TestInvoker.java:584)\n\tat org.testng.internal.TestInvoker.invokeTestMethod(TestInvoker.java:172)\n\tat org.testng.internal.MethodRunner.runInSequence(MethodRunner.java:46)\n\tat org.testng.internal.TestInvoker$MethodInvocationAgent.invoke(TestInvoker.java:804)\n\tat org.testng.internal.TestInvoker.invokeTestMethods(TestInvoker.java:145)\n\tat org.testng.internal.TestMethodWorker.invokeTestMethods(TestMethodWorker.java:146)\n\tat org.testng.internal.TestMethodWorker.run(TestMethodWorker.java:128)\n\tat java.util.ArrayList.forEach(ArrayList.java:1257)\n\tat org.testng.TestRunner.privateRun(TestRunner.java:770)\n\tat org.testng.TestRunner.run(TestRunner.java:591)\n\tat org.testng.SuiteRunner.runTest(SuiteRunner.java:402)\n\tat org.testng.SuiteRunner.runSequentially(SuiteRunner.java:396)\n\tat org.testng.SuiteRunner.privateRun(SuiteRunner.java:355)\n\tat org.testng.SuiteRunner.run(SuiteRunner.java:304)\n\tat org.testng.SuiteRunnerWorker.runSuite(SuiteRunnerWorker.java:53)\n\tat org.testng.SuiteRunnerWorker.run(SuiteRunnerWorker.java:96)\n\tat org.testng.TestNG.runSuitesSequentially(TestNG.java:1180)\n\tat org.testng.TestNG.runSuitesLocally(TestNG.java:1102)\n\tat org.testng.TestNG.runSuites(TestNG.java:1032)\n\tat org.testng.TestNG.run(TestNG.java:1000)\n\tat com.intellij.rt.testng.IDEARemoteTestNG.run(IDEARemoteTestNG.java:66)\n\tat com.intellij.rt.testng.RemoteTestNGStarter.main(RemoteTestNGStarter.java:110)\n"},"stage":"finished","steps":[{"name":"Click on the 'Companies' button from the sidebar menu","status":"passed","stage":"finished","steps":[],"attachments":[],"parameters":[],"start":1698918144443,"stop":1698918146590},{"name":"Click on the 'Clients' tab from the 'Companies' page","status":"passed","stage":"finished","steps":[],"attachments":[],"parameters":[],"start":1698918146672,"stop":1698918146798},{"name":"Click on the client name from the table","status":"passed","stage":"finished","steps":[],"attachments":[],"parameters":[],"start":1698918146798,"stop":1698918151272},{"name":"Click on the 'Contacts' tab from the company landing page","status":"passed","stage":"finished","steps":[],"attachments":[],"parameters":[],"start":1698918151273,"stop":1698918152487},{"name":"Click on the 'Client contacts' sub tab","status":"passed","stage":"finished","steps":[],"attachments":[],"parameters":[],"start":1698918152488,"stop":1698918152737},{"name":"Click on the 'Add contact' button from the 'Other contacts' sub tab","status":"passed","stage":"finished","steps":[],"attachments":[],"parameters":[],"start":1698918152737,"stop":1698918152869},{"name":"Click on the '+ Create contact' button from the 'Associate others to company' modal window","status":"passed","stage":"finished","steps":[],"attachments":[],"parameters":[],"start":1698918152869,"stop":1698918153097},{"name":"Enter email address for a new Rolodex user","status":"passed","stage":"finished","steps":[],"attachments":[],"parameters":[{"name":"email","value":"maoriwarrior23@mail.com"}],"start":1698918153097,"stop":1698918153653},{"name":"Enter the First name for the Rolodex user","status":"passed","stage":"finished","steps":[],"attachments":[],"parameters":[{"name":"name","value":"Maori"}],"start":1698918153653,"stop":1698918153824},{"name":"Enter the Last name for the Rolodex user","status":"passed","stage":"finished","steps":[],"attachments":[],"parameters":[{"name":"lastName","value":"Warrior 798"}],"start":1698918153824,"stop":1698918154072},{"name":"Enter the phone number for the Rolodex user","status":"passed","stage":"finished","steps":[],"attachments":[],"parameters":[{"name":"phone","value":"+18085521226"}],"start":1698918154073,"stop":1698918154365},{"name":"Click on the 'Permission template' dropdown field","status":"passed","stage":"finished","steps":[],"attachments":[],"parameters":[],"start":1698918154365,"stop":1698918154444},{"name":"Select the 'Administrator' role from the 'Permission template' dropdown field","status":"passed","stage":"finished","steps":[],"attachments":[],"parameters":[],"start":1698918154444,"stop":1698918154520},{"name":"Click on the 'Finish' button to finish creating new Rolodex user","status":"broken","statusDetails":{"known":false,"muted":false,"flaky":false,"message":"element click intercepted: Element <button class=\"MuiButtonBase-root jss7763 jss7827 jss8441\" tabindex=\"0\" type=\"button\" id=\"createCompanyFinish\" name=\"\" title=\"\" style=\"color: red; border: 2px solid yellow;\">...</button> is not clickable at point (1658, 919). Other element would receive the click: <button class=\"MuiButtonBase-root jss7763 jss7827 jss8588 jss8590\" tabindex=\"0\" type=\"button\" id=\"createCompanyFinish\" name=\"\" title=\"\" style=\"transition: all 0.3s ease 0s;\">...</button>\n  (Session info: chrome=118.0.5993.117)\nBuild info: version: '3.141.59', revision: 'e82be7d358', time: '2018-11-14T08:17:03'\nSystem info: host: 'MacBook-Pro-Maxim.local', ip: 'fe80:0:0:0:1c30:5ef0:7678:6361%en0', os.name: 'Mac OS X', os.arch: 'x86_64', os.version: '10.16', java.version: '1.8.0_221'\nDriver info: org.openqa.selenium.chrome.ChromeDriver\nCapabilities {acceptInsecureCerts: false, browserName: chrome, browserVersion: 118.0.5993.117, chrome: {chromedriverVersion: 118.0.5993.70 (e52f33f30b91..., userDataDir: /var/folders/gm/x6z5bb8x79b...}, fedcm:accounts: true, goog:chromeOptions: {debuggerAddress: localhost:58691}, javascriptEnabled: true, networkConnectionEnabled: false, pageLoadStrategy: normal, platform: MAC, platformName: MAC, proxy: Proxy(), setWindowRect: true, strictFileInteractability: false, timeouts: {implicit: 0, pageLoad: 300000, script: 30000}, unhandledPromptBehavior: dismiss and notify, webauthn:extension:credBlob: true, webauthn:extension:largeBlob: true, webauthn:extension:minPinLength: true, webauthn:extension:prf: true, webauthn:virtualAuthenticators: true}\nSession ID: c35315d1bf5ab63ae44480150ea96e0b","trace":"org.openqa.selenium.ElementClickInterceptedException: element click intercepted: Element <button class=\"MuiButtonBase-root jss7763 jss7827 jss8441\" tabindex=\"0\" type=\"button\" id=\"createCompanyFinish\" name=\"\" title=\"\" style=\"color: red; border: 2px solid yellow;\">...</button> is not clickable at point (1658, 919). Other element would receive the click: <button class=\"MuiButtonBase-root jss7763 jss7827 jss8588 jss8590\" tabindex=\"0\" type=\"button\" id=\"createCompanyFinish\" name=\"\" title=\"\" style=\"transition: all 0.3s ease 0s;\">...</button>\n  (Session info: chrome=118.0.5993.117)\nBuild info: version: '3.141.59', revision: 'e82be7d358', time: '2018-11-14T08:17:03'\nSystem info: host: 'MacBook-Pro-Maxim.local', ip: 'fe80:0:0:0:1c30:5ef0:7678:6361%en0', os.name: 'Mac OS X', os.arch: 'x86_64', os.version: '10.16', java.version: '1.8.0_221'\nDriver info: org.openqa.selenium.chrome.ChromeDriver\nCapabilities {acceptInsecureCerts: false, browserName: chrome, browserVersion: 118.0.5993.117, chrome: {chromedriverVersion: 118.0.5993.70 (e52f33f30b91..., userDataDir: /var/folders/gm/x6z5bb8x79b...}, fedcm:accounts: true, goog:chromeOptions: {debuggerAddress: localhost:58691}, javascriptEnabled: true, networkConnectionEnabled: false, pageLoadStrategy: normal, platform: MAC, platformName: MAC, proxy: Proxy(), setWindowRect: true, strictFileInteractability: false, timeouts: {implicit: 0, pageLoad: 300000, script: 30000}, unhandledPromptBehavior: dismiss and notify, webauthn:extension:credBlob: true, webauthn:extension:largeBlob: true, webauthn:extension:minPinLength: true, webauthn:extension:prf: true, webauthn:virtualAuthenticators: true}\nSession ID: c35315d1bf5ab63ae44480150ea96e0b\n\tat sun.reflect.NativeConstructorAccessorImpl.newInstance0(Native Method)\n\tat sun.reflect.NativeConstructorAccessorImpl.newInstance(NativeConstructorAccessorImpl.java:62)\n\tat sun.reflect.DelegatingConstructorAccessorImpl.newInstance(DelegatingConstructorAccessorImpl.java:45)\n\tat java.lang.reflect.Constructor.newInstance(Constructor.java:423)\n\tat org.openqa.selenium.remote.http.W3CHttpResponseCodec.createException(W3CHttpResponseCodec.java:187)\n\tat org.openqa.selenium.remote.http.W3CHttpResponseCodec.decode(W3CHttpResponseCodec.java:122)\n\tat org.openqa.selenium.remote.http.W3CHttpResponseCodec.decode(W3CHttpResponseCodec.java:49)\n\tat org.openqa.selenium.remote.HttpCommandExecutor.execute(HttpCommandExecutor.java:158)\n\tat org.openqa.selenium.remote.service.DriverCommandExecutor.execute(DriverCommandExecutor.java:83)\n\tat org.openqa.selenium.remote.RemoteWebDriver.execute(RemoteWebDriver.java:552)\n\tat org.openqa.selenium.remote.RemoteWebElement.execute(RemoteWebElement.java:285)\n\tat org.openqa.selenium.remote.RemoteWebElement.click(RemoteWebElement.java:84)\n\tat io.toweriq.Elements.Button.clickButton(Button.java:11)\n\tat io.toweriq.pageObjects.CompaniesPage.clickFinishButtonForRolodex(CompaniesPage.java:594)\n\tat io.toweriq.testsAgent.ContactsTests.createAdministratorFromCompanyLandingPage(ContactsTests.java:122)\n\tat sun.reflect.NativeMethodAccessorImpl.invoke0(Native Method)\n\tat sun.reflect.NativeMethodAccessorImpl.invoke(NativeMethodAccessorImpl.java:62)\n\tat sun.reflect.DelegatingMethodAccessorImpl.invoke(DelegatingMethodAccessorImpl.java:43)\n\tat java.lang.reflect.Method.invoke(Method.java:498)\n\tat org.testng.internal.MethodInvocationHelper.invokeMethod(MethodInvocationHelper.java:133)\n\tat org.testng.internal.TestInvoker.invokeMethod(TestInvoker.java:584)\n\tat org.testng.internal.TestInvoker.invokeTestMethod(TestInvoker.java:172)\n\tat org.testng.internal.MethodRunner.runInSequence(MethodRunner.java:46)\n\tat org.testng.internal.TestInvoker$MethodInvocationAgent.invoke(TestInvoker.java:804)\n\tat org.testng.internal.TestInvoker.invokeTestMethods(TestInvoker.java:145)\n\tat org.testng.internal.TestMethodWorker.invokeTestMethods(TestMethodWorker.java:146)\n\tat org.testng.internal.TestMethodWorker.run(TestMethodWorker.java:128)\n\tat java.util.ArrayList.forEach(ArrayList.java:1257)\n\tat org.testng.TestRunner.privateRun(TestRunner.java:770)\n\tat org.testng.TestRunner.run(TestRunner.java:591)\n\tat org.testng.SuiteRunner.runTest(SuiteRunner.java:402)\n\tat org.testng.SuiteRunner.runSequentially(SuiteRunner.java:396)\n\tat org.testng.SuiteRunner.privateRun(SuiteRunner.java:355)\n\tat org.testng.SuiteRunner.run(SuiteRunner.java:304)\n\tat org.testng.SuiteRunnerWorker.runSuite(SuiteRunnerWorker.java:53)\n\tat org.testng.SuiteRunnerWorker.run(SuiteRunnerWorker.java:96)\n\tat org.testng.TestNG.runSuitesSequentially(TestNG.java:1180)\n\tat org.testng.TestNG.runSuitesLocally(TestNG.java:1102)\n\tat org.testng.TestNG.runSuites(TestNG.java:1032)\n\tat org.testng.TestNG.run(TestNG.java:1000)\n\tat com.intellij.rt.testng.IDEARemoteTestNG.run(IDEARemoteTestNG.java:66)\n\tat com.intellij.rt.testng.RemoteTestNGStarter.main(RemoteTestNGStarter.java:110)\n"},"stage":"finished","steps":[],"attachments":[],"parameters":[],"start":1698918154520,"stop":1698918155611}],"attachments":[{"name":"Page Screenshot","source":"7ccc88f5-bd24-438f-8730-80ce5fdaf5ba-attachment","type":"image/png"}],"parameters":[],"start":1698918144434,"stop":1698918156170,"uuid":"2503a1f4-0aa6-434c-8073-1ea30754a6bb","historyId":"874ec13b27d9a9be7f40e668b237ef5e","fullName":"io.toweriq.testsAgent.ContactsTests.createAdministratorFromCompanyLandingPage","labels":[{"name":"package","value":"io.toweriq.testsAgent.ContactsTests"},{"name":"testClass","value":"io.toweriq.testsAgent.ContactsTests"},{"name":"testMethod","value":"createAdministratorFromCompanyLandingPage"},{"name":"parentSuite","value":"Default Suite"},{"name":"suite","value":"New Project"},{"name":"subSuite","value":"io.toweriq.testsAgent.ContactsTests"},{"name":"host","value":"MacBook-Pro-Maxim.local"},{"name":"thread","value":"9623@MacBook-Pro-Maxim.local.main(1)"},{"name":"framework","value":"testng"},{"name":"language","value":"java"}],"links":[]}