{"name":"Create the Administrator user from the Company landing page","status":"broken","statusDetails":{"known":false,"muted":false,"flaky":false,"message":"no such element: Unable to locate element: {\"method\":\"xpath\",\"selector\":\"//table[@id='companies-table']/tbody/tr[1]/td[1]/div/a\"}\n  (Session info: chrome=118.0.5993.117)\nFor documentation on this error, please visit: https://www.seleniumhq.org/exceptions/no_such_element.html\nBuild info: version: '3.141.59', revision: 'e82be7d358', time: '2018-11-14T08:17:03'\nSystem info: host: 'MacBook-Pro-Maxim.local', ip: 'fe80:0:0:0:1c30:5ef0:7678:6361%en0', os.name: 'Mac OS X', os.arch: 'x86_64', os.version: '10.16', java.version: '1.8.0_221'\nDriver info: org.openqa.selenium.chrome.ChromeDriver\nCapabilities {acceptInsecureCerts: false, browserName: chrome, browserVersion: 118.0.5993.117, chrome: {chromedriverVersion: 118.0.5993.70 (e52f33f30b91..., userDataDir: /var/folders/gm/x6z5bb8x79b...}, fedcm:accounts: true, goog:chromeOptions: {debuggerAddress: localhost:57893}, javascriptEnabled: true, networkConnectionEnabled: false, pageLoadStrategy: normal, platform: MAC, platformName: MAC, proxy: Proxy(), setWindowRect: true, strictFileInteractability: false, timeouts: {implicit: 0, pageLoad: 300000, script: 30000}, unhandledPromptBehavior: dismiss and notify, webauthn:extension:credBlob: true, webauthn:extension:largeBlob: true, webauthn:extension:minPinLength: true, webauthn:extension:prf: true, webauthn:virtualAuthenticators: true}\nSession ID: b8dde3d717d48c069ef7c5a074c0f3ba\n*** Element info: {Using=xpath, value=//table[@id='companies-table']/tbody/tr[1]/td[1]/div/a}","trace":"org.openqa.selenium.NoSuchElementException: no such element: Unable to locate element: {\"method\":\"xpath\",\"selector\":\"//table[@id='companies-table']/tbody/tr[1]/td[1]/div/a\"}\n  (Session info: chrome=118.0.5993.117)\nFor documentation on this error, please visit: https://www.seleniumhq.org/exceptions/no_such_element.html\nBuild info: version: '3.141.59', revision: 'e82be7d358', time: '2018-11-14T08:17:03'\nSystem info: host: 'MacBook-Pro-Maxim.local', ip: 'fe80:0:0:0:1c30:5ef0:7678:6361%en0', os.name: 'Mac OS X', os.arch: 'x86_64', os.version: '10.16', java.version: '1.8.0_221'\nDriver info: org.openqa.selenium.chrome.ChromeDriver\nCapabilities {acceptInsecureCerts: false, browserName: chrome, browserVersion: 118.0.5993.117, chrome: {chromedriverVersion: 118.0.5993.70 (e52f33f30b91..., userDataDir: /var/folders/gm/x6z5bb8x79b...}, fedcm:accounts: true, goog:chromeOptions: {debuggerAddress: localhost:57893}, javascriptEnabled: true, networkConnectionEnabled: false, pageLoadStrategy: normal, platform: MAC, platformName: MAC, proxy: Proxy(), setWindowRect: true, strictFileInteractability: false, timeouts: {implicit: 0, pageLoad: 300000, script: 30000}, unhandledPromptBehavior: dismiss and notify, webauthn:extension:credBlob: true, webauthn:extension:largeBlob: true, webauthn:extension:minPinLength: true, webauthn:extension:prf: true, webauthn:virtualAuthenticators: true}\nSession ID: b8dde3d717d48c069ef7c5a074c0f3ba\n*** Element info: {Using=xpath, value=//table[@id='companies-table']/tbody/tr[1]/td[1]/div/a}\n\tat sun.reflect.NativeConstructorAccessorImpl.newInstance0(Native Method)\n\tat sun.reflect.NativeConstructorAccessorImpl.newInstance(NativeConstructorAccessorImpl.java:62)\n\tat sun.reflect.DelegatingConstructorAccessorImpl.newInstance(DelegatingConstructorAccessorImpl.java:45)\n\tat java.lang.reflect.Constructor.newInstance(Constructor.java:423)\n\tat org.openqa.selenium.remote.http.W3CHttpResponseCodec.createException(W3CHttpResponseCodec.java:187)\n\tat org.openqa.selenium.remote.http.W3CHttpResponseCodec.decode(W3CHttpResponseCodec.java:122)\n\tat org.openqa.selenium.remote.http.W3CHttpResponseCodec.decode(W3CHttpResponseCodec.java:49)\n\tat org.openqa.selenium.remote.HttpCommandExecutor.execute(HttpCommandExecutor.java:158)\n\tat org.openqa.selenium.remote.service.DriverCommandExecutor.execute(DriverCommandExecutor.java:83)\n\tat org.openqa.selenium.remote.RemoteWebDriver.execute(RemoteWebDriver.java:552)\n\tat org.openqa.selenium.remote.RemoteWebDriver.findElement(RemoteWebDriver.java:323)\n\tat org.openqa.selenium.remote.RemoteWebDriver.findElementByXPath(RemoteWebDriver.java:428)\n\tat org.openqa.selenium.By$ByXPath.findElement(By.java:353)\n\tat org.openqa.selenium.remote.RemoteWebDriver.findElement(RemoteWebDriver.java:315)\n\tat io.toweriq.Elements.BaseElement.get(BaseElement.java:42)\n\tat io.toweriq.Elements.Link.clickLink(Link.java:11)\n\tat io.toweriq.pageObjects.CompaniesPage.clickOnClientFromTable(CompaniesPage.java:395)\n\tat io.toweriq.testsAgent.ContactsTests.createAdministratorFromCompanyLandingPage(ContactsTests.java:109)\n\tat sun.reflect.NativeMethodAccessorImpl.invoke0(Native Method)\n\tat sun.reflect.NativeMethodAccessorImpl.invoke(NativeMethodAccessorImpl.java:62)\n\tat sun.reflect.DelegatingMethodAccessorImpl.invoke(DelegatingMethodAccessorImpl.java:43)\n\tat java.lang.reflect.Method.invoke(Method.java:498)\n\tat org.testng.internal.MethodInvocationHelper.invokeMethod(MethodInvocationHelper.java:133)\n\tat org.testng.internal.TestInvoker.invokeMethod(TestInvoker.java:584)\n\tat org.testng.internal.TestInvoker.invokeTestMethod(TestInvoker.java:172)\n\tat org.testng.internal.MethodRunner.runInSequence(MethodRunner.java:46)\n\tat org.testng.internal.TestInvoker$MethodInvocationAgent.invoke(TestInvoker.java:804)\n\tat org.testng.internal.TestInvoker.invokeTestMethods(TestInvoker.java:145)\n\tat org.testng.internal.TestMethodWorker.invokeTestMethods(TestMethodWorker.java:146)\n\tat org.testng.internal.TestMethodWorker.run(TestMethodWorker.java:128)\n\tat java.util.ArrayList.forEach(ArrayList.java:1257)\n\tat org.testng.TestRunner.privateRun(TestRunner.java:770)\n\tat org.testng.TestRunner.run(TestRunner.java:591)\n\tat org.testng.SuiteRunner.runTest(SuiteRunner.java:402)\n\tat org.testng.SuiteRunner.runSequentially(SuiteRunner.java:396)\n\tat org.testng.SuiteRunner.privateRun(SuiteRunner.java:355)\n\tat org.testng.SuiteRunner.run(SuiteRunner.java:304)\n\tat org.testng.SuiteRunnerWorker.runSuite(SuiteRunnerWorker.java:53)\n\tat org.testng.SuiteRunnerWorker.run(SuiteRunnerWorker.java:96)\n\tat org.testng.TestNG.runSuitesSequentially(TestNG.java:1180)\n\tat org.testng.TestNG.runSuitesLocally(TestNG.java:1102)\n\tat org.testng.TestNG.runSuites(TestNG.java:1032)\n\tat org.testng.TestNG.run(TestNG.java:1000)\n\tat com.intellij.rt.testng.IDEARemoteTestNG.run(IDEARemoteTestNG.java:66)\n\tat com.intellij.rt.testng.RemoteTestNGStarter.main(RemoteTestNGStarter.java:110)\n"},"stage":"finished","steps":[{"name":"Click on the 'Companies' button from the sidebar menu","status":"passed","stage":"finished","steps":[],"attachments":[],"parameters":[],"start":1698917955707,"stop":1698917957769},{"name":"Click on the 'Clients' tab from the 'Companies' page","status":"passed","stage":"finished","steps":[],"attachments":[],"parameters":[],"start":1698917957899,"stop":1698917958046},{"name":"Click on the client name from the table","status":"broken","statusDetails":{"known":false,"muted":false,"flaky":false,"message":"no such element: Unable to locate element: {\"method\":\"xpath\",\"selector\":\"//table[@id='companies-table']/tbody/tr[1]/td[1]/div/a\"}\n  (Session info: chrome=118.0.5993.117)\nFor documentation on this error, please visit: https://www.seleniumhq.org/exceptions/no_such_element.html\nBuild info: version: '3.141.59', revision: 'e82be7d358', time: '2018-11-14T08:17:03'\nSystem info: host: 'MacBook-Pro-Maxim.local', ip: 'fe80:0:0:0:1c30:5ef0:7678:6361%en0', os.name: 'Mac OS X', os.arch: 'x86_64', os.version: '10.16', java.version: '1.8.0_221'\nDriver info: org.openqa.selenium.chrome.ChromeDriver\nCapabilities {acceptInsecureCerts: false, browserName: chrome, browserVersion: 118.0.5993.117, chrome: {chromedriverVersion: 118.0.5993.70 (e52f33f30b91..., userDataDir: /var/folders/gm/x6z5bb8x79b...}, fedcm:accounts: true, goog:chromeOptions: {debuggerAddress: localhost:57893}, javascriptEnabled: true, networkConnectionEnabled: false, pageLoadStrategy: normal, platform: MAC, platformName: MAC, proxy: Proxy(), setWindowRect: true, strictFileInteractability: false, timeouts: {implicit: 0, pageLoad: 300000, script: 30000}, unhandledPromptBehavior: dismiss and notify, webauthn:extension:credBlob: true, webauthn:extension:largeBlob: true, webauthn:extension:minPinLength: true, webauthn:extension:prf: true, webauthn:virtualAuthenticators: true}\nSession ID: b8dde3d717d48c069ef7c5a074c0f3ba\n*** Element info: {Using=xpath, value=//table[@id='companies-table']/tbody/tr[1]/td[1]/div/a}","trace":"org.openqa.selenium.NoSuchElementException: no such element: Unable to locate element: {\"method\":\"xpath\",\"selector\":\"//table[@id='companies-table']/tbody/tr[1]/td[1]/div/a\"}\n  (Session info: chrome=118.0.5993.117)\nFor documentation on this error, please visit: https://www.seleniumhq.org/exceptions/no_such_element.html\nBuild info: version: '3.141.59', revision: 'e82be7d358', time: '2018-11-14T08:17:03'\nSystem info: host: 'MacBook-Pro-Maxim.local', ip: 'fe80:0:0:0:1c30:5ef0:7678:6361%en0', os.name: 'Mac OS X', os.arch: 'x86_64', os.version: '10.16', java.version: '1.8.0_221'\nDriver info: org.openqa.selenium.chrome.ChromeDriver\nCapabilities {acceptInsecureCerts: false, browserName: chrome, browserVersion: 118.0.5993.117, chrome: {chromedriverVersion: 118.0.5993.70 (e52f33f30b91..., userDataDir: /var/folders/gm/x6z5bb8x79b...}, fedcm:accounts: true, goog:chromeOptions: {debuggerAddress: localhost:57893}, javascriptEnabled: true, networkConnectionEnabled: false, pageLoadStrategy: normal, platform: MAC, platformName: MAC, proxy: Proxy(), setWindowRect: true, strictFileInteractability: false, timeouts: {implicit: 0, pageLoad: 300000, script: 30000}, unhandledPromptBehavior: dismiss and notify, webauthn:extension:credBlob: true, webauthn:extension:largeBlob: true, webauthn:extension:minPinLength: true, webauthn:extension:prf: true, webauthn:virtualAuthenticators: true}\nSession ID: b8dde3d717d48c069ef7c5a074c0f3ba\n*** Element info: {Using=xpath, value=//table[@id='companies-table']/tbody/tr[1]/td[1]/div/a}\n\tat sun.reflect.NativeConstructorAccessorImpl.newInstance0(Native Method)\n\tat sun.reflect.NativeConstructorAccessorImpl.newInstance(NativeConstructorAccessorImpl.java:62)\n\tat sun.reflect.DelegatingConstructorAccessorImpl.newInstance(DelegatingConstructorAccessorImpl.java:45)\n\tat java.lang.reflect.Constructor.newInstance(Constructor.java:423)\n\tat org.openqa.selenium.remote.http.W3CHttpResponseCodec.createException(W3CHttpResponseCodec.java:187)\n\tat org.openqa.selenium.remote.http.W3CHttpResponseCodec.decode(W3CHttpResponseCodec.java:122)\n\tat org.openqa.selenium.remote.http.W3CHttpResponseCodec.decode(W3CHttpResponseCodec.java:49)\n\tat org.openqa.selenium.remote.HttpCommandExecutor.execute(HttpCommandExecutor.java:158)\n\tat org.openqa.selenium.remote.service.DriverCommandExecutor.execute(DriverCommandExecutor.java:83)\n\tat org.openqa.selenium.remote.RemoteWebDriver.execute(RemoteWebDriver.java:552)\n\tat org.openqa.selenium.remote.RemoteWebDriver.findElement(RemoteWebDriver.java:323)\n\tat org.openqa.selenium.remote.RemoteWebDriver.findElementByXPath(RemoteWebDriver.java:428)\n\tat org.openqa.selenium.By$ByXPath.findElement(By.java:353)\n\tat org.openqa.selenium.remote.RemoteWebDriver.findElement(RemoteWebDriver.java:315)\n\tat io.toweriq.Elements.BaseElement.get(BaseElement.java:42)\n\tat io.toweriq.Elements.Link.clickLink(Link.java:11)\n\tat io.toweriq.pageObjects.CompaniesPage.clickOnClientFromTable(CompaniesPage.java:395)\n\tat io.toweriq.testsAgent.ContactsTests.createAdministratorFromCompanyLandingPage(ContactsTests.java:109)\n\tat sun.reflect.NativeMethodAccessorImpl.invoke0(Native Method)\n\tat sun.reflect.NativeMethodAccessorImpl.invoke(NativeMethodAccessorImpl.java:62)\n\tat sun.reflect.DelegatingMethodAccessorImpl.invoke(DelegatingMethodAccessorImpl.java:43)\n\tat java.lang.reflect.Method.invoke(Method.java:498)\n\tat org.testng.internal.MethodInvocationHelper.invokeMethod(MethodInvocationHelper.java:133)\n\tat org.testng.internal.TestInvoker.invokeMethod(TestInvoker.java:584)\n\tat org.testng.internal.TestInvoker.invokeTestMethod(TestInvoker.java:172)\n\tat org.testng.internal.MethodRunner.runInSequence(MethodRunner.java:46)\n\tat org.testng.internal.TestInvoker$MethodInvocationAgent.invoke(TestInvoker.java:804)\n\tat org.testng.internal.TestInvoker.invokeTestMethods(TestInvoker.java:145)\n\tat org.testng.internal.TestMethodWorker.invokeTestMethods(TestMethodWorker.java:146)\n\tat org.testng.internal.TestMethodWorker.run(TestMethodWorker.java:128)\n\tat java.util.ArrayList.forEach(ArrayList.java:1257)\n\tat org.testng.TestRunner.privateRun(TestRunner.java:770)\n\tat org.testng.TestRunner.run(TestRunner.java:591)\n\tat org.testng.SuiteRunner.runTest(SuiteRunner.java:402)\n\tat org.testng.SuiteRunner.runSequentially(SuiteRunner.java:396)\n\tat org.testng.SuiteRunner.privateRun(SuiteRunner.java:355)\n\tat org.testng.SuiteRunner.run(SuiteRunner.java:304)\n\tat org.testng.SuiteRunnerWorker.runSuite(SuiteRunnerWorker.java:53)\n\tat org.testng.SuiteRunnerWorker.run(SuiteRunnerWorker.java:96)\n\tat org.testng.TestNG.runSuitesSequentially(TestNG.java:1180)\n\tat org.testng.TestNG.runSuitesLocally(TestNG.java:1102)\n\tat org.testng.TestNG.runSuites(TestNG.java:1032)\n\tat org.testng.TestNG.run(TestNG.java:1000)\n\tat com.intellij.rt.testng.IDEARemoteTestNG.run(IDEARemoteTestNG.java:66)\n\tat com.intellij.rt.testng.RemoteTestNGStarter.main(RemoteTestNGStarter.java:110)\n"},"stage":"finished","steps":[],"attachments":[],"parameters":[],"start":1698917958047,"stop":1698917963082}],"attachments":[{"name":"Page Screenshot","source":"811f7c1c-f319-4044-9256-b487841246a9-attachment","type":"image/png"}],"parameters":[],"start":1698917955699,"stop":1698917963507,"uuid":"835fd7c3-0dd2-4f0c-a0cc-98e3b529d4b9","historyId":"874ec13b27d9a9be7f40e668b237ef5e","fullName":"io.toweriq.testsAgent.ContactsTests.createAdministratorFromCompanyLandingPage","labels":[{"name":"package","value":"io.toweriq.testsAgent.ContactsTests"},{"name":"testClass","value":"io.toweriq.testsAgent.ContactsTests"},{"name":"testMethod","value":"createAdministratorFromCompanyLandingPage"},{"name":"parentSuite","value":"Default Suite"},{"name":"suite","value":"New Project"},{"name":"subSuite","value":"io.toweriq.testsAgent.ContactsTests"},{"name":"host","value":"MacBook-Pro-Maxim.local"},{"name":"thread","value":"9497@MacBook-Pro-Maxim.local.main(1)"},{"name":"framework","value":"testng"},{"name":"language","value":"java"}],"links":[]}