{"name":"The navigation test for the sidebar menu","status":"broken","statusDetails":{"known":false,"muted":false,"flaky":false,"message":"no such element: Unable to locate element: {\"method\":\"css selector\",\"selector\":\"#sidebarMenuItemClients\"}\n  (Session info: chrome=87.0.4280.88)\nFor documentation on this error, please visit: https://www.seleniumhq.org/exceptions/no_such_element.html\nBuild info: version: '3.141.59', revision: 'e82be7d358', time: '2018-11-14T08:17:03'\nSystem info: host: 'MacBook-Pro-Maxim.local', ip: 'fe80:0:0:0:1482:e956:2474:a9fe%en0', os.name: 'Mac OS X', os.arch: 'x86_64', os.version: '10.16', java.version: '1.8.0_221'\nDriver info: org.openqa.selenium.chrome.ChromeDriver\nCapabilities {acceptInsecureCerts: false, browserName: chrome, browserVersion: 87.0.4280.88, chrome: {chromedriverVersion: 87.0.4280.88 (89e2380a3e36c..., userDataDir: /var/folders/gm/x6z5bb8x79b...}, goog:chromeOptions: {debuggerAddress: localhost:49821}, javascriptEnabled: true, networkConnectionEnabled: false, pageLoadStrategy: normal, platform: MAC, platformName: MAC, proxy: Proxy(), setWindowRect: true, strictFileInteractability: false, timeouts: {implicit: 0, pageLoad: 300000, script: 30000}, unhandledPromptBehavior: dismiss and notify, webauthn:virtualAuthenticators: true}\nSession ID: 5464eddb20d3f7481f2ff1a69ab761a0\n*** Element info: {Using=id, value=sidebarMenuItemClients}","trace":"org.openqa.selenium.NoSuchElementException: no such element: Unable to locate element: {\"method\":\"css selector\",\"selector\":\"#sidebarMenuItemClients\"}\n  (Session info: chrome=87.0.4280.88)\nFor documentation on this error, please visit: https://www.seleniumhq.org/exceptions/no_such_element.html\nBuild info: version: '3.141.59', revision: 'e82be7d358', time: '2018-11-14T08:17:03'\nSystem info: host: 'MacBook-Pro-Maxim.local', ip: 'fe80:0:0:0:1482:e956:2474:a9fe%en0', os.name: 'Mac OS X', os.arch: 'x86_64', os.version: '10.16', java.version: '1.8.0_221'\nDriver info: org.openqa.selenium.chrome.ChromeDriver\nCapabilities {acceptInsecureCerts: false, browserName: chrome, browserVersion: 87.0.4280.88, chrome: {chromedriverVersion: 87.0.4280.88 (89e2380a3e36c..., userDataDir: /var/folders/gm/x6z5bb8x79b...}, goog:chromeOptions: {debuggerAddress: localhost:49821}, javascriptEnabled: true, networkConnectionEnabled: false, pageLoadStrategy: normal, platform: MAC, platformName: MAC, proxy: Proxy(), setWindowRect: true, strictFileInteractability: false, timeouts: {implicit: 0, pageLoad: 300000, script: 30000}, unhandledPromptBehavior: dismiss and notify, webauthn:virtualAuthenticators: true}\nSession ID: 5464eddb20d3f7481f2ff1a69ab761a0\n*** Element info: {Using=id, value=sidebarMenuItemClients}\n\tat sun.reflect.NativeConstructorAccessorImpl.newInstance0(Native Method)\n\tat sun.reflect.NativeConstructorAccessorImpl.newInstance(NativeConstructorAccessorImpl.java:62)\n\tat sun.reflect.DelegatingConstructorAccessorImpl.newInstance(DelegatingConstructorAccessorImpl.java:45)\n\tat java.lang.reflect.Constructor.newInstance(Constructor.java:423)\n\tat org.openqa.selenium.remote.http.W3CHttpResponseCodec.createException(W3CHttpResponseCodec.java:187)\n\tat org.openqa.selenium.remote.http.W3CHttpResponseCodec.decode(W3CHttpResponseCodec.java:122)\n\tat org.openqa.selenium.remote.http.W3CHttpResponseCodec.decode(W3CHttpResponseCodec.java:49)\n\tat org.openqa.selenium.remote.HttpCommandExecutor.execute(HttpCommandExecutor.java:158)\n\tat org.openqa.selenium.remote.service.DriverCommandExecutor.execute(DriverCommandExecutor.java:83)\n\tat org.openqa.selenium.remote.RemoteWebDriver.execute(RemoteWebDriver.java:552)\n\tat org.openqa.selenium.remote.RemoteWebDriver.findElement(RemoteWebDriver.java:323)\n\tat org.openqa.selenium.remote.RemoteWebDriver.findElementById(RemoteWebDriver.java:372)\n\tat org.openqa.selenium.By$ById.findElement(By.java:188)\n\tat org.openqa.selenium.remote.RemoteWebDriver.findElement(RemoteWebDriver.java:315)\n\tat io.toweriq.Elements.BaseElement.get(BaseElement.java:39)\n\tat io.toweriq.Elements.Button.clickButton(Button.java:11)\n\tat io.toweriq.pageObjects.HomePage.clickOnCompaniesButton(HomePage.java:96)\n\tat io.toweriq.tests.HomePageTests.navigationOnSidebarMenu(HomePageTests.java:15)\n\tat sun.reflect.NativeMethodAccessorImpl.invoke0(Native Method)\n\tat sun.reflect.NativeMethodAccessorImpl.invoke(NativeMethodAccessorImpl.java:62)\n\tat sun.reflect.DelegatingMethodAccessorImpl.invoke(DelegatingMethodAccessorImpl.java:43)\n\tat java.lang.reflect.Method.invoke(Method.java:498)\n\tat org.testng.internal.MethodInvocationHelper.invokeMethod(MethodInvocationHelper.java:133)\n\tat org.testng.internal.TestInvoker.invokeMethod(TestInvoker.java:584)\n\tat org.testng.internal.TestInvoker.invokeTestMethod(TestInvoker.java:172)\n\tat org.testng.internal.MethodRunner.runInSequence(MethodRunner.java:46)\n\tat org.testng.internal.TestInvoker$MethodInvocationAgent.invoke(TestInvoker.java:804)\n\tat org.testng.internal.TestInvoker.invokeTestMethods(TestInvoker.java:145)\n\tat org.testng.internal.TestMethodWorker.invokeTestMethods(TestMethodWorker.java:146)\n\tat org.testng.internal.TestMethodWorker.run(TestMethodWorker.java:128)\n\tat java.util.ArrayList.forEach(ArrayList.java:1257)\n\tat org.testng.TestRunner.privateRun(TestRunner.java:770)\n\tat org.testng.TestRunner.run(TestRunner.java:591)\n\tat org.testng.SuiteRunner.runTest(SuiteRunner.java:402)\n\tat org.testng.SuiteRunner.runSequentially(SuiteRunner.java:396)\n\tat org.testng.SuiteRunner.privateRun(SuiteRunner.java:355)\n\tat org.testng.SuiteRunner.run(SuiteRunner.java:304)\n\tat org.testng.SuiteRunnerWorker.runSuite(SuiteRunnerWorker.java:53)\n\tat org.testng.SuiteRunnerWorker.run(SuiteRunnerWorker.java:96)\n\tat org.testng.TestNG.runSuitesSequentially(TestNG.java:1180)\n\tat org.testng.TestNG.runSuitesLocally(TestNG.java:1102)\n\tat org.testng.TestNG.runSuites(TestNG.java:1032)\n\tat org.testng.TestNG.run(TestNG.java:1000)\n\tat com.intellij.rt.testng.IDEARemoteTestNG.run(IDEARemoteTestNG.java:66)\n\tat com.intellij.rt.testng.RemoteTestNGStarter.main(RemoteTestNGStarter.java:110)\n"},"stage":"finished","steps":[{"name":"Click on the 'Contacts' page from the sidebar menu","status":"passed","stage":"finished","steps":[],"attachments":[],"parameters":[],"start":1607586833533,"stop":1607586834055},{"name":"Click on the 'Companies' button from the sidebar menu","status":"broken","statusDetails":{"known":false,"muted":false,"flaky":false,"message":"no such element: Unable to locate element: {\"method\":\"css selector\",\"selector\":\"#sidebarMenuItemClients\"}\n  (Session info: chrome=87.0.4280.88)\nFor documentation on this error, please visit: https://www.seleniumhq.org/exceptions/no_such_element.html\nBuild info: version: '3.141.59', revision: 'e82be7d358', time: '2018-11-14T08:17:03'\nSystem info: host: 'MacBook-Pro-Maxim.local', ip: 'fe80:0:0:0:1482:e956:2474:a9fe%en0', os.name: 'Mac OS X', os.arch: 'x86_64', os.version: '10.16', java.version: '1.8.0_221'\nDriver info: org.openqa.selenium.chrome.ChromeDriver\nCapabilities {acceptInsecureCerts: false, browserName: chrome, browserVersion: 87.0.4280.88, chrome: {chromedriverVersion: 87.0.4280.88 (89e2380a3e36c..., userDataDir: /var/folders/gm/x6z5bb8x79b...}, goog:chromeOptions: {debuggerAddress: localhost:49821}, javascriptEnabled: true, networkConnectionEnabled: false, pageLoadStrategy: normal, platform: MAC, platformName: MAC, proxy: Proxy(), setWindowRect: true, strictFileInteractability: false, timeouts: {implicit: 0, pageLoad: 300000, script: 30000}, unhandledPromptBehavior: dismiss and notify, webauthn:virtualAuthenticators: true}\nSession ID: 5464eddb20d3f7481f2ff1a69ab761a0\n*** Element info: {Using=id, value=sidebarMenuItemClients}","trace":"org.openqa.selenium.NoSuchElementException: no such element: Unable to locate element: {\"method\":\"css selector\",\"selector\":\"#sidebarMenuItemClients\"}\n  (Session info: chrome=87.0.4280.88)\nFor documentation on this error, please visit: https://www.seleniumhq.org/exceptions/no_such_element.html\nBuild info: version: '3.141.59', revision: 'e82be7d358', time: '2018-11-14T08:17:03'\nSystem info: host: 'MacBook-Pro-Maxim.local', ip: 'fe80:0:0:0:1482:e956:2474:a9fe%en0', os.name: 'Mac OS X', os.arch: 'x86_64', os.version: '10.16', java.version: '1.8.0_221'\nDriver info: org.openqa.selenium.chrome.ChromeDriver\nCapabilities {acceptInsecureCerts: false, browserName: chrome, browserVersion: 87.0.4280.88, chrome: {chromedriverVersion: 87.0.4280.88 (89e2380a3e36c..., userDataDir: /var/folders/gm/x6z5bb8x79b...}, goog:chromeOptions: {debuggerAddress: localhost:49821}, javascriptEnabled: true, networkConnectionEnabled: false, pageLoadStrategy: normal, platform: MAC, platformName: MAC, proxy: Proxy(), setWindowRect: true, strictFileInteractability: false, timeouts: {implicit: 0, pageLoad: 300000, script: 30000}, unhandledPromptBehavior: dismiss and notify, webauthn:virtualAuthenticators: true}\nSession ID: 5464eddb20d3f7481f2ff1a69ab761a0\n*** Element info: {Using=id, value=sidebarMenuItemClients}\n\tat sun.reflect.NativeConstructorAccessorImpl.newInstance0(Native Method)\n\tat sun.reflect.NativeConstructorAccessorImpl.newInstance(NativeConstructorAccessorImpl.java:62)\n\tat sun.reflect.DelegatingConstructorAccessorImpl.newInstance(DelegatingConstructorAccessorImpl.java:45)\n\tat java.lang.reflect.Constructor.newInstance(Constructor.java:423)\n\tat org.openqa.selenium.remote.http.W3CHttpResponseCodec.createException(W3CHttpResponseCodec.java:187)\n\tat org.openqa.selenium.remote.http.W3CHttpResponseCodec.decode(W3CHttpResponseCodec.java:122)\n\tat org.openqa.selenium.remote.http.W3CHttpResponseCodec.decode(W3CHttpResponseCodec.java:49)\n\tat org.openqa.selenium.remote.HttpCommandExecutor.execute(HttpCommandExecutor.java:158)\n\tat org.openqa.selenium.remote.service.DriverCommandExecutor.execute(DriverCommandExecutor.java:83)\n\tat org.openqa.selenium.remote.RemoteWebDriver.execute(RemoteWebDriver.java:552)\n\tat org.openqa.selenium.remote.RemoteWebDriver.findElement(RemoteWebDriver.java:323)\n\tat org.openqa.selenium.remote.RemoteWebDriver.findElementById(RemoteWebDriver.java:372)\n\tat org.openqa.selenium.By$ById.findElement(By.java:188)\n\tat org.openqa.selenium.remote.RemoteWebDriver.findElement(RemoteWebDriver.java:315)\n\tat io.toweriq.Elements.BaseElement.get(BaseElement.java:39)\n\tat io.toweriq.Elements.Button.clickButton(Button.java:11)\n\tat io.toweriq.pageObjects.HomePage.clickOnCompaniesButton(HomePage.java:96)\n\tat io.toweriq.tests.HomePageTests.navigationOnSidebarMenu(HomePageTests.java:15)\n\tat sun.reflect.NativeMethodAccessorImpl.invoke0(Native Method)\n\tat sun.reflect.NativeMethodAccessorImpl.invoke(NativeMethodAccessorImpl.java:62)\n\tat sun.reflect.DelegatingMethodAccessorImpl.invoke(DelegatingMethodAccessorImpl.java:43)\n\tat java.lang.reflect.Method.invoke(Method.java:498)\n\tat org.testng.internal.MethodInvocationHelper.invokeMethod(MethodInvocationHelper.java:133)\n\tat org.testng.internal.TestInvoker.invokeMethod(TestInvoker.java:584)\n\tat org.testng.internal.TestInvoker.invokeTestMethod(TestInvoker.java:172)\n\tat org.testng.internal.MethodRunner.runInSequence(MethodRunner.java:46)\n\tat org.testng.internal.TestInvoker$MethodInvocationAgent.invoke(TestInvoker.java:804)\n\tat org.testng.internal.TestInvoker.invokeTestMethods(TestInvoker.java:145)\n\tat org.testng.internal.TestMethodWorker.invokeTestMethods(TestMethodWorker.java:146)\n\tat org.testng.internal.TestMethodWorker.run(TestMethodWorker.java:128)\n\tat java.util.ArrayList.forEach(ArrayList.java:1257)\n\tat org.testng.TestRunner.privateRun(TestRunner.java:770)\n\tat org.testng.TestRunner.run(TestRunner.java:591)\n\tat org.testng.SuiteRunner.runTest(SuiteRunner.java:402)\n\tat org.testng.SuiteRunner.runSequentially(SuiteRunner.java:396)\n\tat org.testng.SuiteRunner.privateRun(SuiteRunner.java:355)\n\tat org.testng.SuiteRunner.run(SuiteRunner.java:304)\n\tat org.testng.SuiteRunnerWorker.runSuite(SuiteRunnerWorker.java:53)\n\tat org.testng.SuiteRunnerWorker.run(SuiteRunnerWorker.java:96)\n\tat org.testng.TestNG.runSuitesSequentially(TestNG.java:1180)\n\tat org.testng.TestNG.runSuitesLocally(TestNG.java:1102)\n\tat org.testng.TestNG.runSuites(TestNG.java:1032)\n\tat org.testng.TestNG.run(TestNG.java:1000)\n\tat com.intellij.rt.testng.IDEARemoteTestNG.run(IDEARemoteTestNG.java:66)\n\tat com.intellij.rt.testng.RemoteTestNGStarter.main(RemoteTestNGStarter.java:110)\n"},"stage":"finished","steps":[],"attachments":[],"parameters":[],"start":1607586834092,"stop":1607586839156}],"attachments":[{"name":"Page Screenshot","source":"9c77deef-9798-43fc-9422-64158deb59cf-attachment","type":"image/png"}],"parameters":[],"start":1607586833148,"stop":1607586839540,"uuid":"9e1fa884-0cb7-4469-a4bb-c6a5ba53efdb","historyId":"106d6725b4e7f97d9989c975d148911b","fullName":"io.toweriq.tests.HomePageTests.navigationOnSidebarMenu","labels":[{"name":"package","value":"io.toweriq.tests.HomePageTests"},{"name":"testClass","value":"io.toweriq.tests.HomePageTests"},{"name":"testMethod","value":"navigationOnSidebarMenu"},{"name":"parentSuite","value":"Default Suite"},{"name":"suite","value":"New Project"},{"name":"subSuite","value":"io.toweriq.tests.HomePageTests"},{"name":"host","value":"MacBook-Pro-Maxim.local"},{"name":"thread","value":"1091@MacBook-Pro-Maxim.local.main(1)"},{"name":"framework","value":"testng"},{"name":"language","value":"java"}],"links":[]}