{"name":"Incorrect Email address","status":"failed","statusDetails":{"known":false,"muted":false,"flaky":false,"message":"expected [Email is not valid, only letters (a-z), numbers (0-9), and periods (.) are allowed.] but found [Email is not valid, only letters (a-z), numbers (0-9), stub line(-), and periods (.) are allowed.]","trace":"java.lang.AssertionError: expected [Email is not valid, only letters (a-z), numbers (0-9), and periods (.) are allowed.] but found [Email is not valid, only letters (a-z), numbers (0-9), stub line(-), and periods (.) are allowed.]\n\tat org.testng.Assert.fail(Assert.java:97)\n\tat org.testng.Assert.assertEqualsImpl(Assert.java:136)\n\tat org.testng.Assert.assertEquals(Assert.java:118)\n\tat org.testng.Assert.assertEquals(Assert.java:575)\n\tat org.testng.Assert.assertEquals(Assert.java:585)\n\tat io.toweriq.pageObjects.SignInPage.checkEmailErrorText(SignInPage.java:71)\n\tat io.toweriq.testsAgent.SignInTests.wrongEmailAddress(SignInTests.java:42)\n\tat sun.reflect.NativeMethodAccessorImpl.invoke0(Native Method)\n\tat sun.reflect.NativeMethodAccessorImpl.invoke(NativeMethodAccessorImpl.java:62)\n\tat sun.reflect.DelegatingMethodAccessorImpl.invoke(DelegatingMethodAccessorImpl.java:43)\n\tat java.lang.reflect.Method.invoke(Method.java:498)\n\tat org.testng.internal.MethodInvocationHelper.invokeMethod(MethodInvocationHelper.java:133)\n\tat org.testng.internal.TestInvoker.invokeMethod(TestInvoker.java:584)\n\tat org.testng.internal.TestInvoker.invokeTestMethod(TestInvoker.java:172)\n\tat org.testng.internal.MethodRunner.runInSequence(MethodRunner.java:46)\n\tat org.testng.internal.TestInvoker$MethodInvocationAgent.invoke(TestInvoker.java:804)\n\tat org.testng.internal.TestInvoker.invokeTestMethods(TestInvoker.java:145)\n\tat org.testng.internal.TestMethodWorker.invokeTestMethods(TestMethodWorker.java:146)\n\tat org.testng.internal.TestMethodWorker.run(TestMethodWorker.java:128)\n\tat java.util.ArrayList.forEach(ArrayList.java:1257)\n\tat org.testng.TestRunner.privateRun(TestRunner.java:770)\n\tat org.testng.TestRunner.run(TestRunner.java:591)\n\tat org.testng.SuiteRunner.runTest(SuiteRunner.java:402)\n\tat org.testng.SuiteRunner.runSequentially(SuiteRunner.java:396)\n\tat org.testng.SuiteRunner.privateRun(SuiteRunner.java:355)\n\tat org.testng.SuiteRunner.run(SuiteRunner.java:304)\n\tat org.testng.SuiteRunnerWorker.runSuite(SuiteRunnerWorker.java:53)\n\tat org.testng.SuiteRunnerWorker.run(SuiteRunnerWorker.java:96)\n\tat org.testng.TestNG.runSuitesSequentially(TestNG.java:1180)\n\tat org.testng.TestNG.runSuitesLocally(TestNG.java:1102)\n\tat org.testng.TestNG.runSuites(TestNG.java:1032)\n\tat org.testng.TestNG.run(TestNG.java:1000)\n\tat com.intellij.rt.testng.IDEARemoteTestNG.run(IDEARemoteTestNG.java:66)\n\tat com.intellij.rt.testng.RemoteTestNGStarter.main(RemoteTestNGStarter.java:110)\n"},"stage":"finished","steps":[{"name":"Enter email into the 'Email Address field'","status":"passed","stage":"finished","steps":[],"attachments":[],"parameters":[{"name":"email","value":"toweriqautotest1outlook.com"}],"start":1699973875181,"stop":1699973876175},{"name":"The warning message for 'Email Address' field is shown","status":"failed","statusDetails":{"known":false,"muted":false,"flaky":false,"message":"expected [Email is not valid, only letters (a-z), numbers (0-9), and periods (.) are allowed.] but found [Email is not valid, only letters (a-z), numbers (0-9), stub line(-), and periods (.) are allowed.]","trace":"java.lang.AssertionError: expected [Email is not valid, only letters (a-z), numbers (0-9), and periods (.) are allowed.] but found [Email is not valid, only letters (a-z), numbers (0-9), stub line(-), and periods (.) are allowed.]\n\tat org.testng.Assert.fail(Assert.java:97)\n\tat org.testng.Assert.assertEqualsImpl(Assert.java:136)\n\tat org.testng.Assert.assertEquals(Assert.java:118)\n\tat org.testng.Assert.assertEquals(Assert.java:575)\n\tat org.testng.Assert.assertEquals(Assert.java:585)\n\tat io.toweriq.pageObjects.SignInPage.checkEmailErrorText(SignInPage.java:71)\n\tat io.toweriq.testsAgent.SignInTests.wrongEmailAddress(SignInTests.java:42)\n\tat sun.reflect.NativeMethodAccessorImpl.invoke0(Native Method)\n\tat sun.reflect.NativeMethodAccessorImpl.invoke(NativeMethodAccessorImpl.java:62)\n\tat sun.reflect.DelegatingMethodAccessorImpl.invoke(DelegatingMethodAccessorImpl.java:43)\n\tat java.lang.reflect.Method.invoke(Method.java:498)\n\tat org.testng.internal.MethodInvocationHelper.invokeMethod(MethodInvocationHelper.java:133)\n\tat org.testng.internal.TestInvoker.invokeMethod(TestInvoker.java:584)\n\tat org.testng.internal.TestInvoker.invokeTestMethod(TestInvoker.java:172)\n\tat org.testng.internal.MethodRunner.runInSequence(MethodRunner.java:46)\n\tat org.testng.internal.TestInvoker$MethodInvocationAgent.invoke(TestInvoker.java:804)\n\tat org.testng.internal.TestInvoker.invokeTestMethods(TestInvoker.java:145)\n\tat org.testng.internal.TestMethodWorker.invokeTestMethods(TestMethodWorker.java:146)\n\tat org.testng.internal.TestMethodWorker.run(TestMethodWorker.java:128)\n\tat java.util.ArrayList.forEach(ArrayList.java:1257)\n\tat org.testng.TestRunner.privateRun(TestRunner.java:770)\n\tat org.testng.TestRunner.run(TestRunner.java:591)\n\tat org.testng.SuiteRunner.runTest(SuiteRunner.java:402)\n\tat org.testng.SuiteRunner.runSequentially(SuiteRunner.java:396)\n\tat org.testng.SuiteRunner.privateRun(SuiteRunner.java:355)\n\tat org.testng.SuiteRunner.run(SuiteRunner.java:304)\n\tat org.testng.SuiteRunnerWorker.runSuite(SuiteRunnerWorker.java:53)\n\tat org.testng.SuiteRunnerWorker.run(SuiteRunnerWorker.java:96)\n\tat org.testng.TestNG.runSuitesSequentially(TestNG.java:1180)\n\tat org.testng.TestNG.runSuitesLocally(TestNG.java:1102)\n\tat org.testng.TestNG.runSuites(TestNG.java:1032)\n\tat org.testng.TestNG.run(TestNG.java:1000)\n\tat com.intellij.rt.testng.IDEARemoteTestNG.run(IDEARemoteTestNG.java:66)\n\tat com.intellij.rt.testng.RemoteTestNGStarter.main(RemoteTestNGStarter.java:110)\n"},"stage":"finished","steps":[],"attachments":[],"parameters":[{"name":"expected","value":"Email is not valid, only letters (a-z), numbers (0-9), and periods (.) are allowed."}],"start":1699973876176,"stop":1699973876217}],"attachments":[{"name":"Page Screenshot","source":"ea371bbb-2d04-439b-b28e-744fab6e0f91-attachment","type":"image/png"}],"parameters":[],"start":1699973875098,"stop":1699973876430,"uuid":"b244202e-035d-4b3e-9157-78d05f0ff6db","historyId":"d0774e2d45e400baa5bb92ecf6f35ce8","fullName":"io.toweriq.testsAgent.SignInTests.wrongEmailAddress","labels":[{"name":"package","value":"io.toweriq.testsAgent.SignInTests"},{"name":"testClass","value":"io.toweriq.testsAgent.SignInTests"},{"name":"testMethod","value":"wrongEmailAddress"},{"name":"parentSuite","value":"Default Suite"},{"name":"suite","value":"New Project"},{"name":"subSuite","value":"io.toweriq.testsAgent.SignInTests"},{"name":"host","value":"MacBook-Pro-Maxim.local"},{"name":"thread","value":"83630@MacBook-Pro-Maxim.local.main(1)"},{"name":"framework","value":"testng"},{"name":"language","value":"java"}],"links":[]}