{"name":"Adding the form to created transaction","status":"broken","statusDetails":{"known":false,"muted":false,"flaky":false,"message":"stale element reference: element is not attached to the page document\n  (Session info: chrome=96.0.4664.110)\nFor documentation on this error, please visit: https://www.seleniumhq.org/exceptions/stale_element_reference.html\nBuild info: version: '3.141.59', revision: 'e82be7d358', time: '2018-11-14T08:17:03'\nSystem info: host: 'MacBook-Pro-Maxim.local', ip: 'fe80:0:0:0:1cfd:4e10:dec9:9432%en0', os.name: 'Mac OS X', os.arch: 'x86_64', os.version: '10.16', java.version: '1.8.0_221'\nDriver info: org.openqa.selenium.chrome.ChromeDriver\nCapabilities {acceptInsecureCerts: false, browserName: chrome, browserVersion: 96.0.4664.110, chrome: {chromedriverVersion: 96.0.4664.45 (76e4c1bb2ab46..., userDataDir: /var/folders/gm/x6z5bb8x79b...}, goog:chromeOptions: {debuggerAddress: localhost:55441}, javascriptEnabled: true, networkConnectionEnabled: false, pageLoadStrategy: normal, platform: MAC, platformName: MAC, proxy: Proxy(), setWindowRect: true, strictFileInteractability: false, timeouts: {implicit: 0, pageLoad: 300000, script: 30000}, unhandledPromptBehavior: dismiss and notify, webauthn:extension:credBlob: true, webauthn:extension:largeBlob: true, webauthn:virtualAuthenticators: true}\nSession ID: e5cdd5a0c50b011a8e4a39167e10a8d7","trace":"org.openqa.selenium.StaleElementReferenceException: stale element reference: element is not attached to the page document\n  (Session info: chrome=96.0.4664.110)\nFor documentation on this error, please visit: https://www.seleniumhq.org/exceptions/stale_element_reference.html\nBuild info: version: '3.141.59', revision: 'e82be7d358', time: '2018-11-14T08:17:03'\nSystem info: host: 'MacBook-Pro-Maxim.local', ip: 'fe80:0:0:0:1cfd:4e10:dec9:9432%en0', os.name: 'Mac OS X', os.arch: 'x86_64', os.version: '10.16', java.version: '1.8.0_221'\nDriver info: org.openqa.selenium.chrome.ChromeDriver\nCapabilities {acceptInsecureCerts: false, browserName: chrome, browserVersion: 96.0.4664.110, chrome: {chromedriverVersion: 96.0.4664.45 (76e4c1bb2ab46..., userDataDir: /var/folders/gm/x6z5bb8x79b...}, goog:chromeOptions: {debuggerAddress: localhost:55441}, javascriptEnabled: true, networkConnectionEnabled: false, pageLoadStrategy: normal, platform: MAC, platformName: MAC, proxy: Proxy(), setWindowRect: true, strictFileInteractability: false, timeouts: {implicit: 0, pageLoad: 300000, script: 30000}, unhandledPromptBehavior: dismiss and notify, webauthn:extension:credBlob: true, webauthn:extension:largeBlob: true, webauthn:virtualAuthenticators: true}\nSession ID: e5cdd5a0c50b011a8e4a39167e10a8d7\n\tat sun.reflect.NativeConstructorAccessorImpl.newInstance0(Native Method)\n\tat sun.reflect.NativeConstructorAccessorImpl.newInstance(NativeConstructorAccessorImpl.java:62)\n\tat sun.reflect.DelegatingConstructorAccessorImpl.newInstance(DelegatingConstructorAccessorImpl.java:45)\n\tat java.lang.reflect.Constructor.newInstance(Constructor.java:423)\n\tat org.openqa.selenium.remote.http.W3CHttpResponseCodec.createException(W3CHttpResponseCodec.java:187)\n\tat org.openqa.selenium.remote.http.W3CHttpResponseCodec.decode(W3CHttpResponseCodec.java:122)\n\tat org.openqa.selenium.remote.http.W3CHttpResponseCodec.decode(W3CHttpResponseCodec.java:49)\n\tat org.openqa.selenium.remote.HttpCommandExecutor.execute(HttpCommandExecutor.java:158)\n\tat org.openqa.selenium.remote.service.DriverCommandExecutor.execute(DriverCommandExecutor.java:83)\n\tat org.openqa.selenium.remote.RemoteWebDriver.execute(RemoteWebDriver.java:552)\n\tat org.openqa.selenium.remote.RemoteWebElement.execute(RemoteWebElement.java:285)\n\tat org.openqa.selenium.remote.RemoteWebElement.click(RemoteWebElement.java:84)\n\tat io.toweriq.Elements.Tab.clickTab(Tab.java:9)\n\tat io.toweriq.pageObjects.TransactionsPage.clickOnInformationTab(TransactionsPage.java:223)\n\tat io.toweriq.tests.TransactionsTests.addFormToCreatedTransaction(TransactionsTests.java:113)\n\tat sun.reflect.NativeMethodAccessorImpl.invoke0(Native Method)\n\tat sun.reflect.NativeMethodAccessorImpl.invoke(NativeMethodAccessorImpl.java:62)\n\tat sun.reflect.DelegatingMethodAccessorImpl.invoke(DelegatingMethodAccessorImpl.java:43)\n\tat java.lang.reflect.Method.invoke(Method.java:498)\n\tat org.testng.internal.MethodInvocationHelper.invokeMethod(MethodInvocationHelper.java:133)\n\tat org.testng.internal.TestInvoker.invokeMethod(TestInvoker.java:584)\n\tat org.testng.internal.TestInvoker.invokeTestMethod(TestInvoker.java:172)\n\tat org.testng.internal.MethodRunner.runInSequence(MethodRunner.java:46)\n\tat org.testng.internal.TestInvoker$MethodInvocationAgent.invoke(TestInvoker.java:804)\n\tat org.testng.internal.TestInvoker.invokeTestMethods(TestInvoker.java:145)\n\tat org.testng.internal.TestMethodWorker.invokeTestMethods(TestMethodWorker.java:146)\n\tat org.testng.internal.TestMethodWorker.run(TestMethodWorker.java:128)\n\tat java.util.ArrayList.forEach(ArrayList.java:1257)\n\tat org.testng.TestRunner.privateRun(TestRunner.java:770)\n\tat org.testng.TestRunner.run(TestRunner.java:591)\n\tat org.testng.SuiteRunner.runTest(SuiteRunner.java:402)\n\tat org.testng.SuiteRunner.runSequentially(SuiteRunner.java:396)\n\tat org.testng.SuiteRunner.privateRun(SuiteRunner.java:355)\n\tat org.testng.SuiteRunner.run(SuiteRunner.java:304)\n\tat org.testng.SuiteRunnerWorker.runSuite(SuiteRunnerWorker.java:53)\n\tat org.testng.SuiteRunnerWorker.run(SuiteRunnerWorker.java:96)\n\tat org.testng.TestNG.runSuitesSequentially(TestNG.java:1180)\n\tat org.testng.TestNG.runSuitesLocally(TestNG.java:1102)\n\tat org.testng.TestNG.runSuites(TestNG.java:1032)\n\tat org.testng.TestNG.run(TestNG.java:1000)\n\tat com.intellij.rt.testng.IDEARemoteTestNG.run(IDEARemoteTestNG.java:66)\n\tat com.intellij.rt.testng.RemoteTestNGStarter.main(RemoteTestNGStarter.java:110)\n"},"stage":"finished","steps":[{"name":"Click on the 'Transactions' button from the sidebar menu","status":"passed","stage":"finished","steps":[],"attachments":[],"parameters":[],"start":1640354508264,"stop":1640354509432},{"name":"Click on the transaction name from the table on the 'Transactions' page","status":"passed","stage":"finished","steps":[],"attachments":[],"parameters":[],"start":1640354509432,"stop":1640354510832},{"name":"Click on the 'Information' tab on the transaction landing page","status":"broken","statusDetails":{"known":false,"muted":false,"flaky":false,"message":"stale element reference: element is not attached to the page document\n  (Session info: chrome=96.0.4664.110)\nFor documentation on this error, please visit: https://www.seleniumhq.org/exceptions/stale_element_reference.html\nBuild info: version: '3.141.59', revision: 'e82be7d358', time: '2018-11-14T08:17:03'\nSystem info: host: 'MacBook-Pro-Maxim.local', ip: 'fe80:0:0:0:1cfd:4e10:dec9:9432%en0', os.name: 'Mac OS X', os.arch: 'x86_64', os.version: '10.16', java.version: '1.8.0_221'\nDriver info: org.openqa.selenium.chrome.ChromeDriver\nCapabilities {acceptInsecureCerts: false, browserName: chrome, browserVersion: 96.0.4664.110, chrome: {chromedriverVersion: 96.0.4664.45 (76e4c1bb2ab46..., userDataDir: /var/folders/gm/x6z5bb8x79b...}, goog:chromeOptions: {debuggerAddress: localhost:55441}, javascriptEnabled: true, networkConnectionEnabled: false, pageLoadStrategy: normal, platform: MAC, platformName: MAC, proxy: Proxy(), setWindowRect: true, strictFileInteractability: false, timeouts: {implicit: 0, pageLoad: 300000, script: 30000}, unhandledPromptBehavior: dismiss and notify, webauthn:extension:credBlob: true, webauthn:extension:largeBlob: true, webauthn:virtualAuthenticators: true}\nSession ID: e5cdd5a0c50b011a8e4a39167e10a8d7","trace":"org.openqa.selenium.StaleElementReferenceException: stale element reference: element is not attached to the page document\n  (Session info: chrome=96.0.4664.110)\nFor documentation on this error, please visit: https://www.seleniumhq.org/exceptions/stale_element_reference.html\nBuild info: version: '3.141.59', revision: 'e82be7d358', time: '2018-11-14T08:17:03'\nSystem info: host: 'MacBook-Pro-Maxim.local', ip: 'fe80:0:0:0:1cfd:4e10:dec9:9432%en0', os.name: 'Mac OS X', os.arch: 'x86_64', os.version: '10.16', java.version: '1.8.0_221'\nDriver info: org.openqa.selenium.chrome.ChromeDriver\nCapabilities {acceptInsecureCerts: false, browserName: chrome, browserVersion: 96.0.4664.110, chrome: {chromedriverVersion: 96.0.4664.45 (76e4c1bb2ab46..., userDataDir: /var/folders/gm/x6z5bb8x79b...}, goog:chromeOptions: {debuggerAddress: localhost:55441}, javascriptEnabled: true, networkConnectionEnabled: false, pageLoadStrategy: normal, platform: MAC, platformName: MAC, proxy: Proxy(), setWindowRect: true, strictFileInteractability: false, timeouts: {implicit: 0, pageLoad: 300000, script: 30000}, unhandledPromptBehavior: dismiss and notify, webauthn:extension:credBlob: true, webauthn:extension:largeBlob: true, webauthn:virtualAuthenticators: true}\nSession ID: e5cdd5a0c50b011a8e4a39167e10a8d7\n\tat sun.reflect.NativeConstructorAccessorImpl.newInstance0(Native Method)\n\tat sun.reflect.NativeConstructorAccessorImpl.newInstance(NativeConstructorAccessorImpl.java:62)\n\tat sun.reflect.DelegatingConstructorAccessorImpl.newInstance(DelegatingConstructorAccessorImpl.java:45)\n\tat java.lang.reflect.Constructor.newInstance(Constructor.java:423)\n\tat org.openqa.selenium.remote.http.W3CHttpResponseCodec.createException(W3CHttpResponseCodec.java:187)\n\tat org.openqa.selenium.remote.http.W3CHttpResponseCodec.decode(W3CHttpResponseCodec.java:122)\n\tat org.openqa.selenium.remote.http.W3CHttpResponseCodec.decode(W3CHttpResponseCodec.java:49)\n\tat org.openqa.selenium.remote.HttpCommandExecutor.execute(HttpCommandExecutor.java:158)\n\tat org.openqa.selenium.remote.service.DriverCommandExecutor.execute(DriverCommandExecutor.java:83)\n\tat org.openqa.selenium.remote.RemoteWebDriver.execute(RemoteWebDriver.java:552)\n\tat org.openqa.selenium.remote.RemoteWebElement.execute(RemoteWebElement.java:285)\n\tat org.openqa.selenium.remote.RemoteWebElement.click(RemoteWebElement.java:84)\n\tat io.toweriq.Elements.Tab.clickTab(Tab.java:9)\n\tat io.toweriq.pageObjects.TransactionsPage.clickOnInformationTab(TransactionsPage.java:223)\n\tat io.toweriq.tests.TransactionsTests.addFormToCreatedTransaction(TransactionsTests.java:113)\n\tat sun.reflect.NativeMethodAccessorImpl.invoke0(Native Method)\n\tat sun.reflect.NativeMethodAccessorImpl.invoke(NativeMethodAccessorImpl.java:62)\n\tat sun.reflect.DelegatingMethodAccessorImpl.invoke(DelegatingMethodAccessorImpl.java:43)\n\tat java.lang.reflect.Method.invoke(Method.java:498)\n\tat org.testng.internal.MethodInvocationHelper.invokeMethod(MethodInvocationHelper.java:133)\n\tat org.testng.internal.TestInvoker.invokeMethod(TestInvoker.java:584)\n\tat org.testng.internal.TestInvoker.invokeTestMethod(TestInvoker.java:172)\n\tat org.testng.internal.MethodRunner.runInSequence(MethodRunner.java:46)\n\tat org.testng.internal.TestInvoker$MethodInvocationAgent.invoke(TestInvoker.java:804)\n\tat org.testng.internal.TestInvoker.invokeTestMethods(TestInvoker.java:145)\n\tat org.testng.internal.TestMethodWorker.invokeTestMethods(TestMethodWorker.java:146)\n\tat org.testng.internal.TestMethodWorker.run(TestMethodWorker.java:128)\n\tat java.util.ArrayList.forEach(ArrayList.java:1257)\n\tat org.testng.TestRunner.privateRun(TestRunner.java:770)\n\tat org.testng.TestRunner.run(TestRunner.java:591)\n\tat org.testng.SuiteRunner.runTest(SuiteRunner.java:402)\n\tat org.testng.SuiteRunner.runSequentially(SuiteRunner.java:396)\n\tat org.testng.SuiteRunner.privateRun(SuiteRunner.java:355)\n\tat org.testng.SuiteRunner.run(SuiteRunner.java:304)\n\tat org.testng.SuiteRunnerWorker.runSuite(SuiteRunnerWorker.java:53)\n\tat org.testng.SuiteRunnerWorker.run(SuiteRunnerWorker.java:96)\n\tat org.testng.TestNG.runSuitesSequentially(TestNG.java:1180)\n\tat org.testng.TestNG.runSuitesLocally(TestNG.java:1102)\n\tat org.testng.TestNG.runSuites(TestNG.java:1032)\n\tat org.testng.TestNG.run(TestNG.java:1000)\n\tat com.intellij.rt.testng.IDEARemoteTestNG.run(IDEARemoteTestNG.java:66)\n\tat com.intellij.rt.testng.RemoteTestNGStarter.main(RemoteTestNGStarter.java:110)\n"},"stage":"finished","steps":[],"attachments":[],"parameters":[],"start":1640354510914,"stop":1640354511357}],"attachments":[{"name":"Page Screenshot","source":"083b28c3-11bc-4e31-8998-f9704301873d-attachment","type":"image/png"}],"parameters":[],"start":1640354508260,"stop":1640354511575,"uuid":"eb5af79b-ed47-4d66-a2ba-90efeb9c0fe7","historyId":"e64e433f496b56bfa70987eb5d8ce271","fullName":"io.toweriq.tests.TransactionsTests.addFormToCreatedTransaction","labels":[{"name":"package","value":"io.toweriq.tests.TransactionsTests"},{"name":"testClass","value":"io.toweriq.tests.TransactionsTests"},{"name":"testMethod","value":"addFormToCreatedTransaction"},{"name":"parentSuite","value":"Default Suite"},{"name":"suite","value":"New Project"},{"name":"subSuite","value":"io.toweriq.tests.TransactionsTests"},{"name":"host","value":"MacBook-Pro-Maxim.local"},{"name":"thread","value":"24163@MacBook-Pro-Maxim.local.main(1)"},{"name":"framework","value":"testng"},{"name":"language","value":"java"}],"links":[]}