<?xml version="1.0" encoding="UTF-8"?>
<testsuite xmlns:xsi="http://www.w3.org/2001/XMLSchema-instance" xsi:noNamespaceSchemaLocation="https://maven.apache.org/surefire/maven-surefire-plugin/xsd/surefire-test-report.xsd" name="TestSuite" time="154.287" tests="22" errors="0" skipped="17" failures="3">
  <properties>
    <property name="awt.toolkit" value="sun.lwawt.macosx.LWCToolkit"/>
    <property name="java.specification.version" value="12"/>
    <property name="sun.jnu.encoding" value="UTF-8"/>
    <property name="java.class.path" value="/Users/maximskorokhod/New MaxBet Project/target/test-classes:/Users/maximskorokhod/New MaxBet Project/target/classes:/Users/maximskorokhod/.m2/repository/org/seleniumhq/selenium/selenium-java/3.141.59/selenium-java-3.141.59.jar:/Users/maximskorokhod/.m2/repository/org/seleniumhq/selenium/selenium-api/3.141.59/selenium-api-3.141.59.jar:/Users/maximskorokhod/.m2/repository/org/seleniumhq/selenium/selenium-chrome-driver/3.141.59/selenium-chrome-driver-3.141.59.jar:/Users/maximskorokhod/.m2/repository/org/seleniumhq/selenium/selenium-edge-driver/3.141.59/selenium-edge-driver-3.141.59.jar:/Users/maximskorokhod/.m2/repository/org/seleniumhq/selenium/selenium-firefox-driver/3.141.59/selenium-firefox-driver-3.141.59.jar:/Users/maximskorokhod/.m2/repository/org/seleniumhq/selenium/selenium-ie-driver/3.141.59/selenium-ie-driver-3.141.59.jar:/Users/maximskorokhod/.m2/repository/org/seleniumhq/selenium/selenium-opera-driver/3.141.59/selenium-opera-driver-3.141.59.jar:/Users/maximskorokhod/.m2/repository/org/seleniumhq/selenium/selenium-remote-driver/3.141.59/selenium-remote-driver-3.141.59.jar:/Users/maximskorokhod/.m2/repository/org/seleniumhq/selenium/selenium-safari-driver/3.141.59/selenium-safari-driver-3.141.59.jar:/Users/maximskorokhod/.m2/repository/org/seleniumhq/selenium/selenium-support/3.141.59/selenium-support-3.141.59.jar:/Users/maximskorokhod/.m2/repository/net/bytebuddy/byte-buddy/1.8.15/byte-buddy-1.8.15.jar:/Users/maximskorokhod/.m2/repository/org/apache/commons/commons-exec/1.3/commons-exec-1.3.jar:/Users/maximskorokhod/.m2/repository/com/google/guava/guava/25.0-jre/guava-25.0-jre.jar:/Users/maximskorokhod/.m2/repository/com/google/code/findbugs/jsr305/1.3.9/jsr305-1.3.9.jar:/Users/maximskorokhod/.m2/repository/org/checkerframework/checker-compat-qual/2.0.0/checker-compat-qual-2.0.0.jar:/Users/maximskorokhod/.m2/repository/com/google/errorprone/error_prone_annotations/2.1.3/error_prone_annotations-2.1.3.jar:/Users/maximskorokhod/.m2/repository/com/google/j2objc/j2objc-annotations/1.1/j2objc-annotations-1.1.jar:/Users/maximskorokhod/.m2/repository/org/codehaus/mojo/animal-sniffer-annotations/1.14/animal-sniffer-annotations-1.14.jar:/Users/maximskorokhod/.m2/repository/com/squareup/okhttp3/okhttp/3.11.0/okhttp-3.11.0.jar:/Users/maximskorokhod/.m2/repository/com/squareup/okio/okio/1.14.0/okio-1.14.0.jar:/Users/maximskorokhod/.m2/repository/org/testng/testng/7.0.0/testng-7.0.0.jar:/Users/maximskorokhod/.m2/repository/com/beust/jcommander/1.72/jcommander-1.72.jar:/Users/maximskorokhod/.m2/repository/org/apache/httpcomponents/httpclient/4.5.6/httpclient-4.5.6.jar:/Users/maximskorokhod/.m2/repository/org/apache/httpcomponents/httpcore/4.4.10/httpcore-4.4.10.jar:/Users/maximskorokhod/.m2/repository/commons-logging/commons-logging/1.2/commons-logging-1.2.jar:/Users/maximskorokhod/.m2/repository/commons-codec/commons-codec/1.10/commons-codec-1.10.jar:/Users/maximskorokhod/.m2/repository/io/github/bonigarcia/webdrivermanager/5.6.0/webdrivermanager-5.6.0.jar:/Users/maximskorokhod/.m2/repository/org/slf4j/slf4j-api/2.0.9/slf4j-api-2.0.9.jar:/Users/maximskorokhod/.m2/repository/com/google/code/gson/gson/2.10.1/gson-2.10.1.jar:/Users/maximskorokhod/.m2/repository/com/github/docker-java/docker-java/3.3.3/docker-java-3.3.3.jar:/Users/maximskorokhod/.m2/repository/com/github/docker-java/docker-java-core/3.3.3/docker-java-core-3.3.3.jar:/Users/maximskorokhod/.m2/repository/com/github/docker-java/docker-java-api/3.3.3/docker-java-api-3.3.3.jar:/Users/maximskorokhod/.m2/repository/commons-io/commons-io/2.6/commons-io-2.6.jar:/Users/maximskorokhod/.m2/repository/org/bouncycastle/bcpkix-jdk18on/1.75/bcpkix-jdk18on-1.75.jar:/Users/maximskorokhod/.m2/repository/org/bouncycastle/bcprov-jdk18on/1.75/bcprov-jdk18on-1.75.jar:/Users/maximskorokhod/.m2/repository/org/bouncycastle/bcutil-jdk18on/1.75/bcutil-jdk18on-1.75.jar:/Users/maximskorokhod/.m2/repository/org/slf4j/jcl-over-slf4j/1.7.30/jcl-over-slf4j-1.7.30.jar:/Users/maximskorokhod/.m2/repository/com/github/docker-java/docker-java-transport-httpclient5/3.3.3/docker-java-transport-httpclient5-3.3.3.jar:/Users/maximskorokhod/.m2/repository/com/github/docker-java/docker-java-transport/3.3.3/docker-java-transport-3.3.3.jar:/Users/maximskorokhod/.m2/repository/net/java/dev/jna/jna/5.12.1/jna-5.12.1.jar:/Users/maximskorokhod/.m2/repository/org/brotli/dec/0.1.2/dec-0.1.2.jar:/Users/maximskorokhod/.m2/repository/org/apache/commons/commons-lang3/3.13.0/commons-lang3-3.13.0.jar:/Users/maximskorokhod/.m2/repository/org/apache/commons/commons-compress/1.24.0/commons-compress-1.24.0.jar:/Users/maximskorokhod/.m2/repository/org/apache/httpcomponents/client5/httpclient5/5.2.1/httpclient5-5.2.1.jar:/Users/maximskorokhod/.m2/repository/org/apache/httpcomponents/core5/httpcore5/5.2/httpcore5-5.2.jar:/Users/maximskorokhod/.m2/repository/org/apache/httpcomponents/core5/httpcore5-h2/5.2/httpcore5-h2-5.2.jar:/Users/maximskorokhod/.m2/repository/io/qameta/allure/allure-testng/2.13.0/allure-testng-2.13.0.jar:/Users/maximskorokhod/.m2/repository/io/qameta/allure/allure-java-commons/2.13.0/allure-java-commons-2.13.0.jar:/Users/maximskorokhod/.m2/repository/io/qameta/allure/allure-model/2.13.0/allure-model-2.13.0.jar:/Users/maximskorokhod/.m2/repository/com/fasterxml/jackson/core/jackson-databind/2.9.8/jackson-databind-2.9.8.jar:/Users/maximskorokhod/.m2/repository/com/fasterxml/jackson/core/jackson-annotations/2.9.0/jackson-annotations-2.9.0.jar:/Users/maximskorokhod/.m2/repository/com/fasterxml/jackson/core/jackson-core/2.9.8/jackson-core-2.9.8.jar:/Users/maximskorokhod/.m2/repository/org/apache/tika/tika-core/1.20/tika-core-1.20.jar:/Users/maximskorokhod/.m2/repository/org/jooq/joor-java-8/0.9.10/joor-java-8-0.9.10.jar:/Users/maximskorokhod/.m2/repository/javax/xml/bind/jaxb-api/2.3.0/jaxb-api-2.3.0.jar:/Users/maximskorokhod/.m2/repository/org/aspectj/aspectjweaver/1.9.4/aspectjweaver-1.9.4.jar:/Users/maximskorokhod/.m2/repository/org/projectlombok/lombok/1.18.10/lombok-1.18.10.jar:"/>
    <property name="java.vm.vendor" value="Oracle Corporation"/>
    <property name="sun.arch.data.model" value="64"/>
    <property name="java.vendor.url" value="https://java.oracle.com/"/>
    <property name="os.name" value="Mac OS X"/>
    <property name="java.vm.specification.version" value="12"/>
    <property name="sun.java.launcher" value="SUN_STANDARD"/>
    <property name="user.country" value="US"/>
    <property name="sun.boot.library.path" value="/Library/Java/JavaVirtualMachines/jdk-12.0.2.jdk/Contents/Home/lib"/>
    <property name="sun.java.command" value="/Users/maximskorokhod/New MaxBet Project/target/surefire/surefirebooter5528118696247849836.jar /Users/maximskorokhod/New MaxBet Project/target/surefire 2024-02-07T13-09-48_442-jvmRun1 surefire13430940031914895854tmp surefire_016839252368425620977tmp"/>
    <property name="http.nonProxyHosts" value="local|*.local|169.254/16|*.169.254/16"/>
    <property name="jdk.debug" value="release"/>
    <property name="surefire.test.class.path" value="/Users/maximskorokhod/New MaxBet Project/target/test-classes:/Users/maximskorokhod/New MaxBet Project/target/classes:/Users/maximskorokhod/.m2/repository/org/seleniumhq/selenium/selenium-java/3.141.59/selenium-java-3.141.59.jar:/Users/maximskorokhod/.m2/repository/org/seleniumhq/selenium/selenium-api/3.141.59/selenium-api-3.141.59.jar:/Users/maximskorokhod/.m2/repository/org/seleniumhq/selenium/selenium-chrome-driver/3.141.59/selenium-chrome-driver-3.141.59.jar:/Users/maximskorokhod/.m2/repository/org/seleniumhq/selenium/selenium-edge-driver/3.141.59/selenium-edge-driver-3.141.59.jar:/Users/maximskorokhod/.m2/repository/org/seleniumhq/selenium/selenium-firefox-driver/3.141.59/selenium-firefox-driver-3.141.59.jar:/Users/maximskorokhod/.m2/repository/org/seleniumhq/selenium/selenium-ie-driver/3.141.59/selenium-ie-driver-3.141.59.jar:/Users/maximskorokhod/.m2/repository/org/seleniumhq/selenium/selenium-opera-driver/3.141.59/selenium-opera-driver-3.141.59.jar:/Users/maximskorokhod/.m2/repository/org/seleniumhq/selenium/selenium-remote-driver/3.141.59/selenium-remote-driver-3.141.59.jar:/Users/maximskorokhod/.m2/repository/org/seleniumhq/selenium/selenium-safari-driver/3.141.59/selenium-safari-driver-3.141.59.jar:/Users/maximskorokhod/.m2/repository/org/seleniumhq/selenium/selenium-support/3.141.59/selenium-support-3.141.59.jar:/Users/maximskorokhod/.m2/repository/net/bytebuddy/byte-buddy/1.8.15/byte-buddy-1.8.15.jar:/Users/maximskorokhod/.m2/repository/org/apache/commons/commons-exec/1.3/commons-exec-1.3.jar:/Users/maximskorokhod/.m2/repository/com/google/guava/guava/25.0-jre/guava-25.0-jre.jar:/Users/maximskorokhod/.m2/repository/com/google/code/findbugs/jsr305/1.3.9/jsr305-1.3.9.jar:/Users/maximskorokhod/.m2/repository/org/checkerframework/checker-compat-qual/2.0.0/checker-compat-qual-2.0.0.jar:/Users/maximskorokhod/.m2/repository/com/google/errorprone/error_prone_annotations/2.1.3/error_prone_annotations-2.1.3.jar:/Users/maximskorokhod/.m2/repository/com/google/j2objc/j2objc-annotations/1.1/j2objc-annotations-1.1.jar:/Users/maximskorokhod/.m2/repository/org/codehaus/mojo/animal-sniffer-annotations/1.14/animal-sniffer-annotations-1.14.jar:/Users/maximskorokhod/.m2/repository/com/squareup/okhttp3/okhttp/3.11.0/okhttp-3.11.0.jar:/Users/maximskorokhod/.m2/repository/com/squareup/okio/okio/1.14.0/okio-1.14.0.jar:/Users/maximskorokhod/.m2/repository/org/testng/testng/7.0.0/testng-7.0.0.jar:/Users/maximskorokhod/.m2/repository/com/beust/jcommander/1.72/jcommander-1.72.jar:/Users/maximskorokhod/.m2/repository/org/apache/httpcomponents/httpclient/4.5.6/httpclient-4.5.6.jar:/Users/maximskorokhod/.m2/repository/org/apache/httpcomponents/httpcore/4.4.10/httpcore-4.4.10.jar:/Users/maximskorokhod/.m2/repository/commons-logging/commons-logging/1.2/commons-logging-1.2.jar:/Users/maximskorokhod/.m2/repository/commons-codec/commons-codec/1.10/commons-codec-1.10.jar:/Users/maximskorokhod/.m2/repository/io/github/bonigarcia/webdrivermanager/5.6.0/webdrivermanager-5.6.0.jar:/Users/maximskorokhod/.m2/repository/org/slf4j/slf4j-api/2.0.9/slf4j-api-2.0.9.jar:/Users/maximskorokhod/.m2/repository/com/google/code/gson/gson/2.10.1/gson-2.10.1.jar:/Users/maximskorokhod/.m2/repository/com/github/docker-java/docker-java/3.3.3/docker-java-3.3.3.jar:/Users/maximskorokhod/.m2/repository/com/github/docker-java/docker-java-core/3.3.3/docker-java-core-3.3.3.jar:/Users/maximskorokhod/.m2/repository/com/github/docker-java/docker-java-api/3.3.3/docker-java-api-3.3.3.jar:/Users/maximskorokhod/.m2/repository/commons-io/commons-io/2.6/commons-io-2.6.jar:/Users/maximskorokhod/.m2/repository/org/bouncycastle/bcpkix-jdk18on/1.75/bcpkix-jdk18on-1.75.jar:/Users/maximskorokhod/.m2/repository/org/bouncycastle/bcprov-jdk18on/1.75/bcprov-jdk18on-1.75.jar:/Users/maximskorokhod/.m2/repository/org/bouncycastle/bcutil-jdk18on/1.75/bcutil-jdk18on-1.75.jar:/Users/maximskorokhod/.m2/repository/org/slf4j/jcl-over-slf4j/1.7.30/jcl-over-slf4j-1.7.30.jar:/Users/maximskorokhod/.m2/repository/com/github/docker-java/docker-java-transport-httpclient5/3.3.3/docker-java-transport-httpclient5-3.3.3.jar:/Users/maximskorokhod/.m2/repository/com/github/docker-java/docker-java-transport/3.3.3/docker-java-transport-3.3.3.jar:/Users/maximskorokhod/.m2/repository/net/java/dev/jna/jna/5.12.1/jna-5.12.1.jar:/Users/maximskorokhod/.m2/repository/org/brotli/dec/0.1.2/dec-0.1.2.jar:/Users/maximskorokhod/.m2/repository/org/apache/commons/commons-lang3/3.13.0/commons-lang3-3.13.0.jar:/Users/maximskorokhod/.m2/repository/org/apache/commons/commons-compress/1.24.0/commons-compress-1.24.0.jar:/Users/maximskorokhod/.m2/repository/org/apache/httpcomponents/client5/httpclient5/5.2.1/httpclient5-5.2.1.jar:/Users/maximskorokhod/.m2/repository/org/apache/httpcomponents/core5/httpcore5/5.2/httpcore5-5.2.jar:/Users/maximskorokhod/.m2/repository/org/apache/httpcomponents/core5/httpcore5-h2/5.2/httpcore5-h2-5.2.jar:/Users/maximskorokhod/.m2/repository/io/qameta/allure/allure-testng/2.13.0/allure-testng-2.13.0.jar:/Users/maximskorokhod/.m2/repository/io/qameta/allure/allure-java-commons/2.13.0/allure-java-commons-2.13.0.jar:/Users/maximskorokhod/.m2/repository/io/qameta/allure/allure-model/2.13.0/allure-model-2.13.0.jar:/Users/maximskorokhod/.m2/repository/com/fasterxml/jackson/core/jackson-databind/2.9.8/jackson-databind-2.9.8.jar:/Users/maximskorokhod/.m2/repository/com/fasterxml/jackson/core/jackson-annotations/2.9.0/jackson-annotations-2.9.0.jar:/Users/maximskorokhod/.m2/repository/com/fasterxml/jackson/core/jackson-core/2.9.8/jackson-core-2.9.8.jar:/Users/maximskorokhod/.m2/repository/org/apache/tika/tika-core/1.20/tika-core-1.20.jar:/Users/maximskorokhod/.m2/repository/org/jooq/joor-java-8/0.9.10/joor-java-8-0.9.10.jar:/Users/maximskorokhod/.m2/repository/javax/xml/bind/jaxb-api/2.3.0/jaxb-api-2.3.0.jar:/Users/maximskorokhod/.m2/repository/org/aspectj/aspectjweaver/1.9.4/aspectjweaver-1.9.4.jar:/Users/maximskorokhod/.m2/repository/org/projectlombok/lombok/1.18.10/lombok-1.18.10.jar:"/>
    <property name="allure.results.directory" value="/Users/maximskorokhod/New MaxBet Project/target/allure-results"/>
    <property name="sun.cpu.endian" value="little"/>
    <property name="user.home" value="/Users/maximskorokhod"/>
    <property name="user.language" value="en"/>
    <property name="java.specification.vendor" value="Oracle Corporation"/>
    <property name="java.version.date" value="2019-07-16"/>
    <property name="java.home" value="/Library/Java/JavaVirtualMachines/jdk-12.0.2.jdk/Contents/Home"/>
    <property name="file.separator" value="/"/>
    <property name="basedir" value="/Users/maximskorokhod/New MaxBet Project"/>
    <property name="java.vm.compressedOopsMode" value="Zero based"/>
    <property name="line.separator" value="&#10;"/>
    <property name="java.vm.specification.vendor" value="Oracle Corporation"/>
    <property name="java.specification.name" value="Java Platform API Specification"/>
    <property name="java.awt.graphicsenv" value="sun.awt.CGraphicsEnvironment"/>
    <property name="surefire.real.class.path" value="/Users/maximskorokhod/New MaxBet Project/target/surefire/surefirebooter5528118696247849836.jar"/>
    <property name="sun.management.compiler" value="HotSpot 64-Bit Tiered Compilers"/>
    <property name="ftp.nonProxyHosts" value="local|*.local|169.254/16|*.169.254/16"/>
    <property name="java.runtime.version" value="12.0.2+10"/>
    <property name="user.name" value="maximskorokhod"/>
    <property name="path.separator" value=":"/>
    <property name="os.version" value="10.16"/>
    <property name="java.runtime.name" value="Java(TM) SE Runtime Environment"/>
    <property name="file.encoding" value="UTF-8"/>
    <property name="java.vm.name" value="Java HotSpot(TM) 64-Bit Server VM"/>
    <property name="localRepository" value="/Users/maximskorokhod/.m2/repository"/>
    <property name="java.vendor.url.bug" value="https://bugreport.java.com/bugreport/"/>
    <property name="java.io.tmpdir" value="/var/folders/gm/x6z5bb8x79b0g8sxb1sdp0rm0000gn/T/"/>
    <property name="java.version" value="12.0.2"/>
    <property name="user.dir" value="/Users/maximskorokhod/New MaxBet Project"/>
    <property name="os.arch" value="x86_64"/>
    <property name="java.vm.specification.name" value="Java Virtual Machine Specification"/>
    <property name="java.library.path" value="/Users/maximskorokhod/Library/Java/Extensions:/Library/Java/Extensions:/Network/Library/Java/Extensions:/System/Library/Java/Extensions:/usr/lib/java:."/>
    <property name="java.vm.info" value="mixed mode, sharing"/>
    <property name="java.vendor" value="Oracle Corporation"/>
    <property name="java.vm.version" value="12.0.2+10"/>
    <property name="sun.io.unicode.encoding" value="UnicodeBig"/>
    <property name="socksNonProxyHosts" value="local|*.local|169.254/16|*.169.254/16"/>
    <property name="java.class.version" value="56.0"/>
  </properties>
  <testcase name="openBettingPage" classname="ro.maxbet.testsAgent.BettingPageTest" time="1.275"/>
  <testcase name="LogIn" classname="ro.maxbet.testsAgent.HomePageTests" time="10.973">
    <failure message="element click intercepted: Element &lt;input _ngcontent-ng-c3094140440=&quot;&quot; type=&quot;text&quot; formcontrolname=&quot;username&quot; class=&quot;w-100 ng-untouched ng-pristine ng-invalid&quot;&gt; is not clickable at point (960, 349). Other element would receive the click: &lt;div _ngcontent-ng-c3094140440=&quot;&quot; class=&quot;input text-center w-100&quot;&gt;...&lt;/div&gt;&#10;  (Session info: chrome=121.0.6167.139)&#10;Build info: version: &apos;3.141.59&apos;, revision: &apos;e82be7d358&apos;, time: &apos;2018-11-14T08:17:03&apos;&#10;System info: host: &apos;MacBook-Pro-Maxim.local&apos;, ip: &apos;fe80:0:0:0:83d:e23e:65ed:d8ab%en0&apos;, os.name: &apos;Mac OS X&apos;, os.arch: &apos;x86_64&apos;, os.version: &apos;10.16&apos;, java.version: &apos;12.0.2&apos;&#10;Driver info: org.openqa.selenium.chrome.ChromeDriver&#10;Capabilities {acceptInsecureCerts: false, browserName: chrome, browserVersion: 121.0.6167.139, chrome: {chromedriverVersion: 121.0.6167.85 (3f98d690ad7e..., userDataDir: /var/folders/gm/x6z5bb8x79b...}, fedcm:accounts: true, goog:chromeOptions: {debuggerAddress: localhost:54185}, javascriptEnabled: true, networkConnectionEnabled: false, pageLoadStrategy: normal, platform: MAC, platformName: MAC, proxy: Proxy(), setWindowRect: true, strictFileInteractability: false, timeouts: {implicit: 0, pageLoad: 300000, script: 30000}, unhandledPromptBehavior: dismiss and notify, webauthn:extension:credBlob: true, webauthn:extension:largeBlob: true, webauthn:extension:minPinLength: true, webauthn:extension:prf: true, webauthn:virtualAuthenticators: true}&#10;Session ID: 13a4ea713159abca449fdeb3cd053820" type="org.openqa.selenium.ElementClickInterceptedException"><![CDATA[org.openqa.selenium.ElementClickInterceptedException: 
element click intercepted: Element <input _ngcontent-ng-c3094140440="" type="text" formcontrolname="username" class="w-100 ng-untouched ng-pristine ng-invalid"> is not clickable at point (960, 349). Other element would receive the click: <div _ngcontent-ng-c3094140440="" class="input text-center w-100">...</div>
  (Session info: chrome=121.0.6167.139)
Build info: version: '3.141.59', revision: 'e82be7d358', time: '2018-11-14T08:17:03'
System info: host: 'MacBook-Pro-Maxim.local', ip: 'fe80:0:0:0:83d:e23e:65ed:d8ab%en0', os.name: 'Mac OS X', os.arch: 'x86_64', os.version: '10.16', java.version: '12.0.2'
Driver info: org.openqa.selenium.chrome.ChromeDriver
Capabilities {acceptInsecureCerts: false, browserName: chrome, browserVersion: 121.0.6167.139, chrome: {chromedriverVersion: 121.0.6167.85 (3f98d690ad7e..., userDataDir: /var/folders/gm/x6z5bb8x79b...}, fedcm:accounts: true, goog:chromeOptions: {debuggerAddress: localhost:54185}, javascriptEnabled: true, networkConnectionEnabled: false, pageLoadStrategy: normal, platform: MAC, platformName: MAC, proxy: Proxy(), setWindowRect: true, strictFileInteractability: false, timeouts: {implicit: 0, pageLoad: 300000, script: 30000}, unhandledPromptBehavior: dismiss and notify, webauthn:extension:credBlob: true, webauthn:extension:largeBlob: true, webauthn:extension:minPinLength: true, webauthn:extension:prf: true, webauthn:virtualAuthenticators: true}
Session ID: 13a4ea713159abca449fdeb3cd053820
]]></failure>
    <system-out><![CDATA[test
]]></system-out>
    <system-err><![CDATA[Starting ChromeDriver 121.0.6167.85 (3f98d690ad7e59242ef110144c757b2ac4eef1a2-refs/branch-heads/6167@{#1539}) on port 1918
Only local connections are allowed.
Please see https://chromedriver.chromium.org/security-considerations for suggestions on keeping ChromeDriver safe.
ChromeDriver was started successfully.
Feb 07, 2024 1:10:37 PM org.openqa.selenium.remote.ProtocolHandshake createSession
INFO: Detected dialect: W3C
]]></system-err>
  </testcase>
  <testcase name="LogIn" classname="ro.maxbet.testsAgent.HomePageTests" time="0">
    <skipped/>
  </testcase>
  <testcase name="LogIn" classname="ro.maxbet.testsAgent.HomePageTests" time="0">
    <skipped/>
  </testcase>
  <testcase name="LogIn" classname="ro.maxbet.testsAgent.HomePageTests" time="0">
    <skipped/>
  </testcase>
  <testcase name="LogIn" classname="ro.maxbet.testsAgent.HomePageTests" time="0">
    <skipped/>
  </testcase>
  <testcase name="LogIn" classname="ro.maxbet.testsAgent.HomePageTests" time="0">
    <skipped/>
  </testcase>
  <testcase name="openBettingPage" classname="ro.maxbet.testsAgent.HomePageTests" time="0">
    <skipped message="element click intercepted: Element &lt;input _ngcontent-ng-c3094140440=&quot;&quot; type=&quot;text&quot; formcontrolname=&quot;username&quot; class=&quot;w-100 ng-untouched ng-pristine ng-invalid&quot;&gt; is not clickable at point (960, 349). Other element would receive the click: &lt;div _ngcontent-ng-c3094140440=&quot;&quot; class=&quot;input text-center w-100&quot;&gt;...&lt;/div&gt;&#10;  (Session info: chrome=121.0.6167.139)&#10;Build info: version: &apos;3.141.59&apos;, revision: &apos;e82be7d358&apos;, time: &apos;2018-11-14T08:17:03&apos;&#10;System info: host: &apos;MacBook-Pro-Maxim.local&apos;, ip: &apos;fe80:0:0:0:83d:e23e:65ed:d8ab%en0&apos;, os.name: &apos;Mac OS X&apos;, os.arch: &apos;x86_64&apos;, os.version: &apos;10.16&apos;, java.version: &apos;12.0.2&apos;&#10;Driver info: org.openqa.selenium.chrome.ChromeDriver&#10;Capabilities {acceptInsecureCerts: false, browserName: chrome, browserVersion: 121.0.6167.139, chrome: {chromedriverVersion: 121.0.6167.85 (3f98d690ad7e..., userDataDir: /var/folders/gm/x6z5bb8x79b...}, fedcm:accounts: true, goog:chromeOptions: {debuggerAddress: localhost:54185}, javascriptEnabled: true, networkConnectionEnabled: false, pageLoadStrategy: normal, platform: MAC, platformName: MAC, proxy: Proxy(), setWindowRect: true, strictFileInteractability: false, timeouts: {implicit: 0, pageLoad: 300000, script: 30000}, unhandledPromptBehavior: dismiss and notify, webauthn:extension:credBlob: true, webauthn:extension:largeBlob: true, webauthn:extension:minPinLength: true, webauthn:extension:prf: true, webauthn:virtualAuthenticators: true}&#10;Session ID: 13a4ea713159abca449fdeb3cd053820"/>
  </testcase>
  <testcase name="close" classname="ro.maxbet.testsAgent.HomePageTests" time="0">
    <skipped/>
  </testcase>
  <testcase name="close" classname="ro.maxbet.testsAgent.HomePageTests" time="0">
    <skipped/>
  </testcase>
  <testcase name="close" classname="ro.maxbet.testsAgent.HomePageTests" time="0">
    <skipped/>
  </testcase>
  <testcase name="close" classname="ro.maxbet.testsAgent.HomePageTests" time="0">
    <skipped/>
  </testcase>
  <testcase name="close" classname="ro.maxbet.testsAgent.HomePageTests" time="0">
    <skipped/>
  </testcase>
  <testcase name="close" classname="ro.maxbet.testsAgent.HomePageTests" time="0">
    <skipped/>
  </testcase>
  <testcase name="openLiveBettingPage" classname="ro.maxbet.testsAgent.HomePageTests" time="0">
    <skipped message="element click intercepted: Element &lt;input _ngcontent-ng-c3094140440=&quot;&quot; type=&quot;text&quot; formcontrolname=&quot;username&quot; class=&quot;w-100 ng-untouched ng-pristine ng-invalid&quot;&gt; is not clickable at point (960, 349). Other element would receive the click: &lt;div _ngcontent-ng-c3094140440=&quot;&quot; class=&quot;input text-center w-100&quot;&gt;...&lt;/div&gt;&#10;  (Session info: chrome=121.0.6167.139)&#10;Build info: version: &apos;3.141.59&apos;, revision: &apos;e82be7d358&apos;, time: &apos;2018-11-14T08:17:03&apos;&#10;System info: host: &apos;MacBook-Pro-Maxim.local&apos;, ip: &apos;fe80:0:0:0:83d:e23e:65ed:d8ab%en0&apos;, os.name: &apos;Mac OS X&apos;, os.arch: &apos;x86_64&apos;, os.version: &apos;10.16&apos;, java.version: &apos;12.0.2&apos;&#10;Driver info: org.openqa.selenium.chrome.ChromeDriver&#10;Capabilities {acceptInsecureCerts: false, browserName: chrome, browserVersion: 121.0.6167.139, chrome: {chromedriverVersion: 121.0.6167.85 (3f98d690ad7e..., userDataDir: /var/folders/gm/x6z5bb8x79b...}, fedcm:accounts: true, goog:chromeOptions: {debuggerAddress: localhost:54185}, javascriptEnabled: true, networkConnectionEnabled: false, pageLoadStrategy: normal, platform: MAC, platformName: MAC, proxy: Proxy(), setWindowRect: true, strictFileInteractability: false, timeouts: {implicit: 0, pageLoad: 300000, script: 30000}, unhandledPromptBehavior: dismiss and notify, webauthn:extension:credBlob: true, webauthn:extension:largeBlob: true, webauthn:extension:minPinLength: true, webauthn:extension:prf: true, webauthn:virtualAuthenticators: true}&#10;Session ID: 13a4ea713159abca449fdeb3cd053820"/>
  </testcase>
  <testcase name="openLiveCasinoPage" classname="ro.maxbet.testsAgent.HomePageTests" time="0">
    <skipped message="element click intercepted: Element &lt;input _ngcontent-ng-c3094140440=&quot;&quot; type=&quot;text&quot; formcontrolname=&quot;username&quot; class=&quot;w-100 ng-untouched ng-pristine ng-invalid&quot;&gt; is not clickable at point (960, 349). Other element would receive the click: &lt;div _ngcontent-ng-c3094140440=&quot;&quot; class=&quot;input text-center w-100&quot;&gt;...&lt;/div&gt;&#10;  (Session info: chrome=121.0.6167.139)&#10;Build info: version: &apos;3.141.59&apos;, revision: &apos;e82be7d358&apos;, time: &apos;2018-11-14T08:17:03&apos;&#10;System info: host: &apos;MacBook-Pro-Maxim.local&apos;, ip: &apos;fe80:0:0:0:83d:e23e:65ed:d8ab%en0&apos;, os.name: &apos;Mac OS X&apos;, os.arch: &apos;x86_64&apos;, os.version: &apos;10.16&apos;, java.version: &apos;12.0.2&apos;&#10;Driver info: org.openqa.selenium.chrome.ChromeDriver&#10;Capabilities {acceptInsecureCerts: false, browserName: chrome, browserVersion: 121.0.6167.139, chrome: {chromedriverVersion: 121.0.6167.85 (3f98d690ad7e..., userDataDir: /var/folders/gm/x6z5bb8x79b...}, fedcm:accounts: true, goog:chromeOptions: {debuggerAddress: localhost:54185}, javascriptEnabled: true, networkConnectionEnabled: false, pageLoadStrategy: normal, platform: MAC, platformName: MAC, proxy: Proxy(), setWindowRect: true, strictFileInteractability: false, timeouts: {implicit: 0, pageLoad: 300000, script: 30000}, unhandledPromptBehavior: dismiss and notify, webauthn:extension:credBlob: true, webauthn:extension:largeBlob: true, webauthn:extension:minPinLength: true, webauthn:extension:prf: true, webauthn:virtualAuthenticators: true}&#10;Session ID: 13a4ea713159abca449fdeb3cd053820"/>
  </testcase>
  <testcase name="openPromotionPage" classname="ro.maxbet.testsAgent.HomePageTests" time="0">
    <skipped message="element click intercepted: Element &lt;input _ngcontent-ng-c3094140440=&quot;&quot; type=&quot;text&quot; formcontrolname=&quot;username&quot; class=&quot;w-100 ng-untouched ng-pristine ng-invalid&quot;&gt; is not clickable at point (960, 349). Other element would receive the click: &lt;div _ngcontent-ng-c3094140440=&quot;&quot; class=&quot;input text-center w-100&quot;&gt;...&lt;/div&gt;&#10;  (Session info: chrome=121.0.6167.139)&#10;Build info: version: &apos;3.141.59&apos;, revision: &apos;e82be7d358&apos;, time: &apos;2018-11-14T08:17:03&apos;&#10;System info: host: &apos;MacBook-Pro-Maxim.local&apos;, ip: &apos;fe80:0:0:0:83d:e23e:65ed:d8ab%en0&apos;, os.name: &apos;Mac OS X&apos;, os.arch: &apos;x86_64&apos;, os.version: &apos;10.16&apos;, java.version: &apos;12.0.2&apos;&#10;Driver info: org.openqa.selenium.chrome.ChromeDriver&#10;Capabilities {acceptInsecureCerts: false, browserName: chrome, browserVersion: 121.0.6167.139, chrome: {chromedriverVersion: 121.0.6167.85 (3f98d690ad7e..., userDataDir: /var/folders/gm/x6z5bb8x79b...}, fedcm:accounts: true, goog:chromeOptions: {debuggerAddress: localhost:54185}, javascriptEnabled: true, networkConnectionEnabled: false, pageLoadStrategy: normal, platform: MAC, platformName: MAC, proxy: Proxy(), setWindowRect: true, strictFileInteractability: false, timeouts: {implicit: 0, pageLoad: 300000, script: 30000}, unhandledPromptBehavior: dismiss and notify, webauthn:extension:credBlob: true, webauthn:extension:largeBlob: true, webauthn:extension:minPinLength: true, webauthn:extension:prf: true, webauthn:virtualAuthenticators: true}&#10;Session ID: 13a4ea713159abca449fdeb3cd053820"/>
  </testcase>
  <testcase name="openTournamentsPage" classname="ro.maxbet.testsAgent.HomePageTests" time="0">
    <skipped message="element click intercepted: Element &lt;input _ngcontent-ng-c3094140440=&quot;&quot; type=&quot;text&quot; formcontrolname=&quot;username&quot; class=&quot;w-100 ng-untouched ng-pristine ng-invalid&quot;&gt; is not clickable at point (960, 349). Other element would receive the click: &lt;div _ngcontent-ng-c3094140440=&quot;&quot; class=&quot;input text-center w-100&quot;&gt;...&lt;/div&gt;&#10;  (Session info: chrome=121.0.6167.139)&#10;Build info: version: &apos;3.141.59&apos;, revision: &apos;e82be7d358&apos;, time: &apos;2018-11-14T08:17:03&apos;&#10;System info: host: &apos;MacBook-Pro-Maxim.local&apos;, ip: &apos;fe80:0:0:0:83d:e23e:65ed:d8ab%en0&apos;, os.name: &apos;Mac OS X&apos;, os.arch: &apos;x86_64&apos;, os.version: &apos;10.16&apos;, java.version: &apos;12.0.2&apos;&#10;Driver info: org.openqa.selenium.chrome.ChromeDriver&#10;Capabilities {acceptInsecureCerts: false, browserName: chrome, browserVersion: 121.0.6167.139, chrome: {chromedriverVersion: 121.0.6167.85 (3f98d690ad7e..., userDataDir: /var/folders/gm/x6z5bb8x79b...}, fedcm:accounts: true, goog:chromeOptions: {debuggerAddress: localhost:54185}, javascriptEnabled: true, networkConnectionEnabled: false, pageLoadStrategy: normal, platform: MAC, platformName: MAC, proxy: Proxy(), setWindowRect: true, strictFileInteractability: false, timeouts: {implicit: 0, pageLoad: 300000, script: 30000}, unhandledPromptBehavior: dismiss and notify, webauthn:extension:credBlob: true, webauthn:extension:largeBlob: true, webauthn:extension:minPinLength: true, webauthn:extension:prf: true, webauthn:virtualAuthenticators: true}&#10;Session ID: 13a4ea713159abca449fdeb3cd053820"/>
  </testcase>
  <testcase name="openWalletPage" classname="ro.maxbet.testsAgent.HomePageTests" time="0">
    <skipped message="element click intercepted: Element &lt;input _ngcontent-ng-c3094140440=&quot;&quot; type=&quot;text&quot; formcontrolname=&quot;username&quot; class=&quot;w-100 ng-untouched ng-pristine ng-invalid&quot;&gt; is not clickable at point (960, 349). Other element would receive the click: &lt;div _ngcontent-ng-c3094140440=&quot;&quot; class=&quot;input text-center w-100&quot;&gt;...&lt;/div&gt;&#10;  (Session info: chrome=121.0.6167.139)&#10;Build info: version: &apos;3.141.59&apos;, revision: &apos;e82be7d358&apos;, time: &apos;2018-11-14T08:17:03&apos;&#10;System info: host: &apos;MacBook-Pro-Maxim.local&apos;, ip: &apos;fe80:0:0:0:83d:e23e:65ed:d8ab%en0&apos;, os.name: &apos;Mac OS X&apos;, os.arch: &apos;x86_64&apos;, os.version: &apos;10.16&apos;, java.version: &apos;12.0.2&apos;&#10;Driver info: org.openqa.selenium.chrome.ChromeDriver&#10;Capabilities {acceptInsecureCerts: false, browserName: chrome, browserVersion: 121.0.6167.139, chrome: {chromedriverVersion: 121.0.6167.85 (3f98d690ad7e..., userDataDir: /var/folders/gm/x6z5bb8x79b...}, fedcm:accounts: true, goog:chromeOptions: {debuggerAddress: localhost:54185}, javascriptEnabled: true, networkConnectionEnabled: false, pageLoadStrategy: normal, platform: MAC, platformName: MAC, proxy: Proxy(), setWindowRect: true, strictFileInteractability: false, timeouts: {implicit: 0, pageLoad: 300000, script: 30000}, unhandledPromptBehavior: dismiss and notify, webauthn:extension:credBlob: true, webauthn:extension:largeBlob: true, webauthn:extension:minPinLength: true, webauthn:extension:prf: true, webauthn:virtualAuthenticators: true}&#10;Session ID: 13a4ea713159abca449fdeb3cd053820"/>
  </testcase>
  <testcase name="clickSoccerButtonFromLiveBettingPage" classname="ro.maxbet.testsAgent.LiveBettingPageTest" time="0.597">
    <failure type="java.lang.NullPointerException">java.lang.NullPointerException
	at ro.maxbet.testsAgent.LiveBettingPageTest.clickSoccerButtonFromLiveBettingPage(LiveBettingPageTest.java:9)
</failure>
    <system-out><![CDATA[test
James_Bond
Vfrcbv82
I am in onTestFailure method clickSoccerButtonFromLiveBettingPage failed
Screenshot captured for test case:clickSoccerButtonFromLiveBettingPage
]]></system-out>
  </testcase>
  <testcase name="clickOnPlayNowButton" classname="ro.maxbet.testsAgent.PromotionsPageTest" time="1.573">
    <failure message="element click intercepted: Element &lt;menu-nav-item class=&quot;nav-item&quot; _nghost-ng-c330475399=&quot;&quot; style=&quot;color: red; border: 2px solid yellow;&quot;&gt;...&lt;/menu-nav-item&gt; is not clickable at point (712, 25). Other element would receive the click: &lt;div _ngcontent-ng-c3786585767=&quot;&quot; class=&quot;mask&quot;&gt;&lt;/div&gt;&#10;  (Session info: chrome=121.0.6167.139)&#10;Build info: version: &apos;3.141.59&apos;, revision: &apos;e82be7d358&apos;, time: &apos;2018-11-14T08:17:03&apos;&#10;System info: host: &apos;MacBook-Pro-Maxim.local&apos;, ip: &apos;fe80:0:0:0:83d:e23e:65ed:d8ab%en0&apos;, os.name: &apos;Mac OS X&apos;, os.arch: &apos;x86_64&apos;, os.version: &apos;10.16&apos;, java.version: &apos;12.0.2&apos;&#10;Driver info: org.openqa.selenium.chrome.ChromeDriver&#10;Capabilities {acceptInsecureCerts: false, browserName: chrome, browserVersion: 121.0.6167.139, chrome: {chromedriverVersion: 121.0.6167.85 (3f98d690ad7e..., userDataDir: /var/folders/gm/x6z5bb8x79b...}, fedcm:accounts: true, goog:chromeOptions: {debuggerAddress: localhost:54252}, javascriptEnabled: true, networkConnectionEnabled: false, pageLoadStrategy: normal, platform: MAC, platformName: MAC, proxy: Proxy(), setWindowRect: true, strictFileInteractability: false, timeouts: {implicit: 0, pageLoad: 300000, script: 30000}, unhandledPromptBehavior: dismiss and notify, webauthn:extension:credBlob: true, webauthn:extension:largeBlob: true, webauthn:extension:minPinLength: true, webauthn:extension:prf: true, webauthn:virtualAuthenticators: true}&#10;Session ID: a4d27f5d5e427c1e535d6addcc963b47" type="org.openqa.selenium.ElementClickInterceptedException"><![CDATA[org.openqa.selenium.ElementClickInterceptedException: 
element click intercepted: Element <menu-nav-item class="nav-item" _nghost-ng-c330475399="" style="color: red; border: 2px solid yellow;">...</menu-nav-item> is not clickable at point (712, 25). Other element would receive the click: <div _ngcontent-ng-c3786585767="" class="mask"></div>
  (Session info: chrome=121.0.6167.139)
Build info: version: '3.141.59', revision: 'e82be7d358', time: '2018-11-14T08:17:03'
System info: host: 'MacBook-Pro-Maxim.local', ip: 'fe80:0:0:0:83d:e23e:65ed:d8ab%en0', os.name: 'Mac OS X', os.arch: 'x86_64', os.version: '10.16', java.version: '12.0.2'
Driver info: org.openqa.selenium.chrome.ChromeDriver
Capabilities {acceptInsecureCerts: false, browserName: chrome, browserVersion: 121.0.6167.139, chrome: {chromedriverVersion: 121.0.6167.85 (3f98d690ad7e..., userDataDir: /var/folders/gm/x6z5bb8x79b...}, fedcm:accounts: true, goog:chromeOptions: {debuggerAddress: localhost:54252}, javascriptEnabled: true, networkConnectionEnabled: false, pageLoadStrategy: normal, platform: MAC, platformName: MAC, proxy: Proxy(), setWindowRect: true, strictFileInteractability: false, timeouts: {implicit: 0, pageLoad: 300000, script: 30000}, unhandledPromptBehavior: dismiss and notify, webauthn:extension:credBlob: true, webauthn:extension:largeBlob: true, webauthn:extension:minPinLength: true, webauthn:extension:prf: true, webauthn:virtualAuthenticators: true}
Session ID: a4d27f5d5e427c1e535d6addcc963b47
	at ro.maxbet.testsAgent.PromotionsPageTest.clickOnPlayNowButton(PromotionsPageTest.java:15)
]]></failure>
    <system-out><![CDATA[test
James_Bond
Vfrcbv82
I am in onTestFailure method clickOnPlayNowButton failed
Screenshot captured for test case:clickOnPlayNowButton
]]></system-out>
    <system-err><![CDATA[Starting ChromeDriver 121.0.6167.85 (3f98d690ad7e59242ef110144c757b2ac4eef1a2-refs/branch-heads/6167@{#1539}) on port 32164
Only local connections are allowed.
Please see https://chromedriver.chromium.org/security-considerations for suggestions on keeping ChromeDriver safe.
ChromeDriver was started successfully.
Feb 07, 2024 1:11:30 PM org.openqa.selenium.remote.ProtocolHandshake createSession
INFO: Detected dialect: W3C
]]></system-err>
  </testcase>
  <testcase name="openPromotionPageTest" classname="ro.maxbet.testsAgent.PromotionsPageTest" time="1.734"/>
</testsuite>